<?xml version="1.0" encoding="utf-8" standalone="yes"?>
<CoverageSession xmlns:xsd="http://www.w3.org/2001/XMLSchema" xmlns:xsi="http://www.w3.org/2001/XMLSchema-instance">
  <Summary numSequencePoints="122" visitedSequencePoints="0" numBranchPoints="72" visitedBranchPoints="0" sequenceCoverage="0" branchCoverage="0" maxCyclomaticComplexity="9" minCyclomaticComplexity="1" visitedClasses="0" numClasses="21" visitedMethods="0" numMethods="30" minCrapScore="2" maxCrapScore="90" />
  <Modules>
    <Module skippedDueTo="Filter" hash="00-D1-F5-8E-D5-A4-02-21-6B-FE-7C-D7-3B-FF-C0-F5-A9-69-3B-EA">
      <ModulePath>/Users/polinas/Documents/ImageProcessing/tests/ImageProcessing.Tests/bin/Debug/net7.0/ImageProcessing.Tests.dll</ModulePath>
      <ModuleTime>2023-02-25T20:04:42.1191568Z</ModuleTime>
      <ModuleName>ImageProcessing.Tests</ModuleName>
      <Classes />
    </Module>
    <Module hash="CB-78-88-C8-CC-31-4F-C4-0F-17-41-79-7D-A7-9B-79-E2-6F-B1-19">
      <Summary numSequencePoints="122" visitedSequencePoints="0" numBranchPoints="72" visitedBranchPoints="0" sequenceCoverage="0" branchCoverage="0" maxCyclomaticComplexity="9" minCyclomaticComplexity="1" visitedClasses="0" numClasses="21" visitedMethods="0" numMethods="30" minCrapScore="2" maxCrapScore="90" />
      <ModulePath>/Users/polinas/Documents/ImageProcessing/tests/ImageProcessing.Tests/bin/Debug/net7.0/ImageProcessing.dll</ModulePath>
      <ModuleTime>2023-02-25T20:04:36.1777053Z</ModuleTime>
      <ModuleName>ImageProcessing</ModuleName>
      <Files>
        <File uid="1" fullPath="/Users/polinas/Documents/ImageProcessing/src/ImageProcessing/Main.fs" />
        <File uid="2" fullPath="/Users/polinas/Documents/ImageProcessing/src/ImageProcessing/Streaming.fs" />
        <File uid="3" fullPath="/Users/polinas/Documents/ImageProcessing/src/ImageProcessing/CPUImageProcessing.fs" />
      </Files>
      <Classes>
        <Class>
          <Summary numSequencePoints="1" visitedSequencePoints="0" numBranchPoints="1" visitedBranchPoints="0" sequenceCoverage="0" branchCoverage="0" maxCyclomaticComplexity="1" minCyclomaticComplexity="1" visitedClasses="0" numClasses="1" visitedMethods="0" numMethods="1" minCrapScore="2" maxCrapScore="2" />
          <FullName>ImageProcessing.Main</FullName>
          <Methods>
            <Method visited="false" cyclomaticComplexity="1" nPathComplexity="0" sequenceCoverage="0" branchCoverage="0" isConstructor="false" isStatic="true" isGetter="false" isSetter="false" crapScore="2">
              <Summary numSequencePoints="1" visitedSequencePoints="0" numBranchPoints="1" visitedBranchPoints="0" sequenceCoverage="0" branchCoverage="0" maxCyclomaticComplexity="1" minCyclomaticComplexity="1" visitedClasses="0" numClasses="0" visitedMethods="0" numMethods="1" minCrapScore="2" maxCrapScore="2" />
              <MetadataToken>100663297</MetadataToken>
              <Name>System.Int32 ImageProcessing.Main::main(System.String[])</Name>
              <FileRef uid="1" />
              <SequencePoints>
                <SequencePoint vc="0" uspid="0" ordinal="0" offset="0" sl="6" sc="18" el="6" ec="19" bec="0" bev="0" fileid="1" />
              </SequencePoints>
              <BranchPoints />
              <MethodPoint xsi:type="SequencePoint" vc="0" uspid="0" ordinal="0" offset="0" sl="6" sc="18" el="6" ec="19" bec="0" bev="0" fileid="1" />
            </Method>
          </Methods>
        </Class>
        <Class>
          <Summary numSequencePoints="21" visitedSequencePoints="0" numBranchPoints="10" visitedBranchPoints="0" sequenceCoverage="0" branchCoverage="0" maxCyclomaticComplexity="7" minCyclomaticComplexity="1" visitedClasses="0" numClasses="1" visitedMethods="0" numMethods="4" minCrapScore="2" maxCrapScore="56" />
          <FullName>Streaming</FullName>
          <Methods>
            <Method visited="false" cyclomaticComplexity="1" nPathComplexity="0" sequenceCoverage="0" branchCoverage="0" isConstructor="false" isStatic="true" isGetter="false" isSetter="false" crapScore="2">
              <Summary numSequencePoints="2" visitedSequencePoints="0" numBranchPoints="1" visitedBranchPoints="0" sequenceCoverage="0" branchCoverage="0" maxCyclomaticComplexity="1" minCyclomaticComplexity="1" visitedClasses="0" numClasses="0" visitedMethods="0" numMethods="1" minCrapScore="2" maxCrapScore="2" />
              <MetadataToken>100663298</MetadataToken>
              <Name>Microsoft.FSharp.Collections.FSharpList`1&lt;System.String&gt; Streaming::listAllFiles(System.String)</Name>
              <FileRef uid="2" />
              <SequencePoints>
                <SequencePoint vc="0" uspid="2" ordinal="0" offset="0" sl="6" sc="5" el="6" ec="49" bec="0" bev="0" fileid="2" />
                <SequencePoint vc="0" uspid="1" ordinal="1" offset="7" sl="7" sc="5" el="7" ec="23" bec="0" bev="0" fileid="2" />
              </SequencePoints>
              <BranchPoints />
              <MethodPoint xsi:type="SequencePoint" vc="0" uspid="2" ordinal="0" offset="0" sl="6" sc="5" el="6" ec="49" bec="0" bev="0" fileid="2" />
            </Method>
            <Method visited="false" cyclomaticComplexity="1" nPathComplexity="0" sequenceCoverage="0" branchCoverage="0" isConstructor="false" isStatic="true" isGetter="false" isSetter="false" crapScore="2">
              <Summary numSequencePoints="1" visitedSequencePoints="0" numBranchPoints="1" visitedBranchPoints="0" sequenceCoverage="0" branchCoverage="0" maxCyclomaticComplexity="1" minCyclomaticComplexity="1" visitedClasses="0" numClasses="0" visitedMethods="0" numMethods="1" minCrapScore="2" maxCrapScore="2" />
              <MetadataToken>100663299</MetadataToken>
              <Name>Microsoft.FSharp.Control.FSharpMailboxProcessor`1&lt;Streaming/msg&gt; Streaming::imgSaver(System.String)</Name>
              <FileRef uid="2" />
              <SequencePoints>
                <SequencePoint vc="0" uspid="3" ordinal="0" offset="7" sl="16" sc="5" el="31" ec="17" bec="0" bev="0" fileid="2" />
              </SequencePoints>
              <BranchPoints />
              <MethodPoint xsi:type="SequencePoint" vc="0" uspid="3" ordinal="0" offset="7" sl="16" sc="5" el="31" ec="17" bec="0" bev="0" fileid="2" />
            </Method>
            <Method visited="false" cyclomaticComplexity="1" nPathComplexity="0" sequenceCoverage="0" branchCoverage="0" isConstructor="false" isStatic="true" isGetter="false" isSetter="false" crapScore="2">
              <Summary numSequencePoints="2" visitedSequencePoints="0" numBranchPoints="1" visitedBranchPoints="0" sequenceCoverage="0" branchCoverage="0" maxCyclomaticComplexity="1" minCyclomaticComplexity="1" visitedClasses="0" numClasses="0" visitedMethods="0" numMethods="1" minCrapScore="2" maxCrapScore="2" />
              <MetadataToken>100663300</MetadataToken>
              <Name>Microsoft.FSharp.Control.FSharpMailboxProcessor`1&lt;Streaming/msg&gt; Streaming::imgProcessor(Microsoft.FSharp.Core.FSharpFunc`2&lt;CPUImageProcessing/MyImage,CPUImageProcessing/MyImage&gt;,Microsoft.FSharp.Control.FSharpMailboxProcessor`1&lt;Streaming/msg&gt;)</Name>
              <FileRef uid="2" />
              <SequencePoints>
                <SequencePoint vc="0" uspid="5" ordinal="0" offset="0" sl="35" sc="5" el="35" ec="34" bec="0" bev="0" fileid="2" />
                <SequencePoint vc="0" uspid="4" ordinal="1" offset="2" sl="37" sc="5" el="55" ec="19" bec="0" bev="0" fileid="2" />
              </SequencePoints>
              <BranchPoints />
              <MethodPoint xsi:type="SequencePoint" vc="0" uspid="5" ordinal="0" offset="0" sl="35" sc="5" el="35" ec="34" bec="0" bev="0" fileid="2" />
            </Method>
            <Method visited="false" cyclomaticComplexity="7" nPathComplexity="8" sequenceCoverage="0" branchCoverage="0" isConstructor="false" isStatic="true" isGetter="false" isSetter="false" crapScore="56">
              <Summary numSequencePoints="16" visitedSequencePoints="0" numBranchPoints="7" visitedBranchPoints="0" sequenceCoverage="0" branchCoverage="0" maxCyclomaticComplexity="7" minCyclomaticComplexity="7" visitedClasses="0" numClasses="0" visitedMethods="0" numMethods="1" minCrapScore="56" maxCrapScore="56" />
              <MetadataToken>100663301</MetadataToken>
              <Name>System.Void Streaming::processAllFiles(System.String,System.String,Microsoft.FSharp.Collections.FSharpList`1&lt;Microsoft.FSharp.Core.FSharpFunc`2&lt;CPUImageProcessing/MyImage,CPUImageProcessing/MyImage&gt;&gt;)</Name>
              <FileRef uid="2" />
              <SequencePoints>
                <SequencePoint vc="0" uspid="21" ordinal="0" offset="0" sl="58" sc="5" el="58" ec="24" bec="0" bev="0" fileid="2" />
                <SequencePoint vc="0" uspid="20" ordinal="1" offset="2" sl="61" sc="9" el="61" ec="26" bec="0" bev="0" fileid="2" />
                <SequencePoint vc="0" uspid="19" ordinal="2" offset="4" sl="62" sc="12" el="64" ec="37" bec="0" bev="0" fileid="2" />
                <SequencePoint vc="0" uspid="18" ordinal="3" offset="17" sl="65" sc="12" el="65" ec="24" bec="0" bev="0" fileid="2" />
                <SequencePoint vc="0" uspid="17" ordinal="4" offset="24" sl="67" sc="5" el="67" ec="44" bec="0" bev="0" fileid="2" />
                <SequencePoint vc="0" uspid="16" ordinal="5" offset="32" sl="69" sc="5" el="69" ec="8" bec="0" bev="0" fileid="2" />
                <SequencePoint vc="0" uspid="15" ordinal="6" offset="59" sl="71" sc="9" el="72" ec="43" bec="0" bev="0" fileid="2" />
                <SequencePoint vc="0" uspid="14" ordinal="7" offset="60" sl="71" sc="10" el="71" ec="23" bec="0" bev="0" fileid="2" />
                <SequencePoint vc="0" uspid="13" ordinal="8" offset="63" sl="71" sc="27" el="71" ec="70" bec="0" bev="0" fileid="2" />
                <SequencePoint vc="0" uspid="12" ordinal="9" offset="120" sl="71" sc="49" el="71" ec="69" bec="0" bev="0" fileid="2" />
                <SequencePoint vc="0" uspid="11" ordinal="10" offset="149" sl="71" sc="49" el="71" ec="69" bec="2" bev="0" fileid="2" />
                <SequencePoint vc="0" uspid="10" ordinal="11" offset="210" sl="74" sc="9" el="74" ec="23" bec="0" bev="0" fileid="2" />
                <SequencePoint vc="0" uspid="9" ordinal="12" offset="227" sl="69" sc="14" el="69" ec="16" bec="2" bev="0" fileid="2" />
                <SequencePoint vc="0" uspid="8" ordinal="13" offset="234" sl="76" sc="5" el="76" ec="8" bec="0" bev="0" fileid="2" />
                <SequencePoint vc="0" uspid="7" ordinal="14" offset="253" sl="77" sc="9" el="77" ec="38" bec="0" bev="0" fileid="2" />
                <SequencePoint vc="0" uspid="6" ordinal="15" offset="273" sl="76" sc="22" el="76" ec="24" bec="2" bev="0" fileid="2" />
              </SequencePoints>
              <BranchPoints>
                <BranchPoint vc="0" uspid="0" ordinal="0" offset="188" sl="71" path="0" offsetend="190" fileid="2" />
                <BranchPoint vc="0" uspid="1" ordinal="1" offset="188" sl="71" path="1" offsetend="134" fileid="2" />
                <BranchPoint vc="0" uspid="2" ordinal="2" offset="229" sl="69" path="0" offsetend="234" fileid="2" />
                <BranchPoint vc="0" uspid="3" ordinal="3" offset="229" sl="69" path="1" offsetend="50" fileid="2" />
                <BranchPoint vc="0" uspid="4" ordinal="4" offset="279" sl="76" path="0" offsetend="281" fileid="2" />
                <BranchPoint vc="0" uspid="5" ordinal="5" offset="279" sl="76" path="1" offsetend="242" fileid="2" />
              </BranchPoints>
              <MethodPoint xsi:type="SequencePoint" vc="0" uspid="21" ordinal="0" offset="0" sl="58" sc="5" el="58" ec="24" bec="0" bev="0" fileid="2" />
            </Method>
          </Methods>
        </Class>
        <Class>
          <Summary numSequencePoints="1" visitedSequencePoints="0" numBranchPoints="1" visitedBranchPoints="0" sequenceCoverage="0" branchCoverage="0" maxCyclomaticComplexity="1" minCyclomaticComplexity="1" visitedClasses="0" numClasses="1" visitedMethods="0" numMethods="1" minCrapScore="2" maxCrapScore="2" />
          <FullName>Streaming/outFile@14</FullName>
          <Methods>
            <Method visited="false" cyclomaticComplexity="1" nPathComplexity="0" sequenceCoverage="0" branchCoverage="0" isConstructor="false" isStatic="false" isGetter="false" isSetter="false" crapScore="2">
              <Summary numSequencePoints="1" visitedSequencePoints="0" numBranchPoints="1" visitedBranchPoints="0" sequenceCoverage="0" branchCoverage="0" maxCyclomaticComplexity="1" minCyclomaticComplexity="1" visitedClasses="0" numClasses="0" visitedMethods="0" numMethods="1" minCrapScore="2" maxCrapScore="2" />
              <MetadataToken>100663324</MetadataToken>
              <Name>System.String Streaming/outFile@14::Invoke(System.String)</Name>
              <FileRef uid="2" />
              <SequencePoints>
                <SequencePoint vc="0" uspid="22" ordinal="0" offset="0" sl="14" sc="37" el="14" ec="76" bec="0" bev="0" fileid="2" />
              </SequencePoints>
              <BranchPoints />
              <MethodPoint xsi:type="SequencePoint" vc="0" uspid="22" ordinal="0" offset="0" sl="14" sc="37" el="14" ec="76" bec="0" bev="0" fileid="2" />
            </Method>
          </Methods>
        </Class>
        <Class>
          <Summary numSequencePoints="6" visitedSequencePoints="0" numBranchPoints="3" visitedBranchPoints="0" sequenceCoverage="0" branchCoverage="0" maxCyclomaticComplexity="2" minCyclomaticComplexity="1" visitedClasses="0" numClasses="1" visitedMethods="0" numMethods="1" minCrapScore="6" maxCrapScore="6" />
          <FullName>Streaming/loop@21-2</FullName>
          <Methods>
            <Method visited="false" cyclomaticComplexity="2" nPathComplexity="2" sequenceCoverage="0" branchCoverage="0" isConstructor="false" isStatic="false" isGetter="false" isSetter="false" crapScore="6">
              <Summary numSequencePoints="6" visitedSequencePoints="0" numBranchPoints="3" visitedBranchPoints="0" sequenceCoverage="0" branchCoverage="0" maxCyclomaticComplexity="2" minCyclomaticComplexity="2" visitedClasses="0" numClasses="0" visitedMethods="0" numMethods="1" minCrapScore="6" maxCrapScore="6" />
              <MetadataToken>100663326</MetadataToken>
              <Name>Microsoft.FSharp.Control.FSharpAsync`1&lt;Microsoft.FSharp.Core.Unit&gt; Streaming/loop@21-2::Invoke(Streaming/msg)</Name>
              <FileRef uid="2" />
              <SequencePoints>
                <SequencePoint vc="0" uspid="28" ordinal="0" offset="2" sl="21" sc="17" el="21" ec="31" bec="2" bev="0" fileid="2" />
                <SequencePoint vc="0" uspid="27" ordinal="1" offset="28" sl="23" sc="21" el="23" ec="55" bec="0" bev="0" fileid="2" />
                <SequencePoint vc="0" uspid="26" ordinal="2" offset="44" sl="24" sc="21" el="24" ec="31" bec="0" bev="0" fileid="2" />
                <SequencePoint vc="0" uspid="25" ordinal="3" offset="81" sl="26" sc="21" el="26" ec="50" bec="0" bev="0" fileid="2" />
                <SequencePoint vc="0" uspid="24" ordinal="4" offset="145" sl="27" sc="21" el="27" ec="62" bec="0" bev="0" fileid="2" />
                <SequencePoint vc="0" uspid="23" ordinal="5" offset="171" sl="28" sc="21" el="28" ec="36" bec="0" bev="0" fileid="2" />
              </SequencePoints>
              <BranchPoints>
                <BranchPoint vc="0" uspid="6" ordinal="0" offset="10" sl="21" path="0" offsetchain="12" offsetend="64" fileid="2" />
                <BranchPoint vc="0" uspid="7" ordinal="1" offset="10" sl="21" path="1" offsetend="14" fileid="2" />
              </BranchPoints>
              <MethodPoint xsi:type="SequencePoint" vc="0" uspid="28" ordinal="0" offset="2" sl="21" sc="17" el="21" ec="31" bec="2" bev="0" fileid="2" />
            </Method>
          </Methods>
        </Class>
        <Class>
          <Summary numSequencePoints="0" visitedSequencePoints="0" numBranchPoints="0" visitedBranchPoints="0" sequenceCoverage="0" branchCoverage="0" maxCyclomaticComplexity="0" minCyclomaticComplexity="0" visitedClasses="0" numClasses="0" visitedMethods="0" numMethods="0" minCrapScore="0" maxCrapScore="0" />
          <FullName>Streaming/loop@19-3</FullName>
          <Methods>
            <Method visited="false" cyclomaticComplexity="1" nPathComplexity="0" sequenceCoverage="0" branchCoverage="0" isConstructor="false" isStatic="false" isGetter="false" isSetter="false" crapScore="2">
              <Summary numSequencePoints="0" visitedSequencePoints="0" numBranchPoints="0" visitedBranchPoints="0" sequenceCoverage="0" branchCoverage="0" maxCyclomaticComplexity="1" minCyclomaticComplexity="1" visitedClasses="0" numClasses="0" visitedMethods="0" numMethods="0" minCrapScore="2" maxCrapScore="2" />
              <MetadataToken>100663328</MetadataToken>
              <Name>Microsoft.FSharp.Control.AsyncReturn Streaming/loop@19-3::Invoke(Microsoft.FSharp.Control.AsyncActivation`1&lt;Microsoft.FSharp.Core.Unit&gt;)</Name>
              <SequencePoints />
              <BranchPoints />
              <MethodPoint vc="0" uspid="100663328" ordinal="0" offset="0" />
            </Method>
          </Methods>
        </Class>
        <Class>
          <Summary numSequencePoints="1" visitedSequencePoints="0" numBranchPoints="1" visitedBranchPoints="0" sequenceCoverage="0" branchCoverage="0" maxCyclomaticComplexity="1" minCyclomaticComplexity="1" visitedClasses="0" numClasses="1" visitedMethods="0" numMethods="1" minCrapScore="2" maxCrapScore="2" />
          <FullName>Streaming/loop@19-1</FullName>
          <Methods>
            <Method visited="false" cyclomaticComplexity="1" nPathComplexity="0" sequenceCoverage="0" branchCoverage="0" isConstructor="false" isStatic="false" isGetter="false" isSetter="false" crapScore="2">
              <Summary numSequencePoints="1" visitedSequencePoints="0" numBranchPoints="1" visitedBranchPoints="0" sequenceCoverage="0" branchCoverage="0" maxCyclomaticComplexity="1" minCyclomaticComplexity="1" visitedClasses="0" numClasses="0" visitedMethods="0" numMethods="1" minCrapScore="2" maxCrapScore="2" />
              <MetadataToken>100663330</MetadataToken>
              <Name>Microsoft.FSharp.Control.FSharpAsync`1&lt;Microsoft.FSharp.Core.Unit&gt; Streaming/loop@19-1::Invoke(Microsoft.FSharp.Core.Unit)</Name>
              <FileRef uid="2" />
              <SequencePoints>
                <SequencePoint vc="0" uspid="29" ordinal="0" offset="0" sl="19" sc="17" el="19" ec="43" bec="0" bev="0" fileid="2" />
              </SequencePoints>
              <BranchPoints />
              <MethodPoint xsi:type="SequencePoint" vc="0" uspid="29" ordinal="0" offset="0" sl="19" sc="17" el="19" ec="43" bec="0" bev="0" fileid="2" />
            </Method>
          </Methods>
        </Class>
        <Class>
          <Summary numSequencePoints="1" visitedSequencePoints="0" numBranchPoints="1" visitedBranchPoints="0" sequenceCoverage="0" branchCoverage="0" maxCyclomaticComplexity="1" minCyclomaticComplexity="1" visitedClasses="0" numClasses="1" visitedMethods="0" numMethods="1" minCrapScore="2" maxCrapScore="2" />
          <FullName>Streaming/loop@18</FullName>
          <Methods>
            <Method visited="false" cyclomaticComplexity="1" nPathComplexity="0" sequenceCoverage="0" branchCoverage="0" isConstructor="false" isStatic="false" isGetter="false" isSetter="false" crapScore="2">
              <Summary numSequencePoints="1" visitedSequencePoints="0" numBranchPoints="1" visitedBranchPoints="0" sequenceCoverage="0" branchCoverage="0" maxCyclomaticComplexity="1" minCyclomaticComplexity="1" visitedClasses="0" numClasses="0" visitedMethods="0" numMethods="1" minCrapScore="2" maxCrapScore="2" />
              <MetadataToken>100663332</MetadataToken>
              <Name>Microsoft.FSharp.Control.FSharpAsync`1&lt;Microsoft.FSharp.Core.Unit&gt; Streaming/loop@18::Invoke(Microsoft.FSharp.Core.Unit)</Name>
              <FileRef uid="2" />
              <SequencePoints>
                <SequencePoint vc="0" uspid="30" ordinal="0" offset="0" sl="18" sc="13" el="18" ec="18" bec="0" bev="0" fileid="2" />
              </SequencePoints>
              <BranchPoints />
              <MethodPoint xsi:type="SequencePoint" vc="0" uspid="30" ordinal="0" offset="0" sl="18" sc="13" el="18" ec="18" bec="0" bev="0" fileid="2" />
            </Method>
          </Methods>
        </Class>
        <Class>
          <Summary numSequencePoints="1" visitedSequencePoints="0" numBranchPoints="1" visitedBranchPoints="0" sequenceCoverage="0" branchCoverage="0" maxCyclomaticComplexity="1" minCyclomaticComplexity="1" visitedClasses="0" numClasses="1" visitedMethods="0" numMethods="1" minCrapScore="2" maxCrapScore="2" />
          <FullName>Streaming/imgSaver@16</FullName>
          <Methods>
            <Method visited="false" cyclomaticComplexity="1" nPathComplexity="0" sequenceCoverage="0" branchCoverage="0" isConstructor="false" isStatic="false" isGetter="false" isSetter="false" crapScore="2">
              <Summary numSequencePoints="1" visitedSequencePoints="0" numBranchPoints="1" visitedBranchPoints="0" sequenceCoverage="0" branchCoverage="0" maxCyclomaticComplexity="1" minCyclomaticComplexity="1" visitedClasses="0" numClasses="0" visitedMethods="0" numMethods="1" minCrapScore="2" maxCrapScore="2" />
              <MetadataToken>100663334</MetadataToken>
              <Name>Microsoft.FSharp.Control.FSharpAsync`1&lt;Microsoft.FSharp.Core.Unit&gt; Streaming/imgSaver@16::Invoke(Microsoft.FSharp.Control.FSharpMailboxProcessor`1&lt;Streaming/msg&gt;)</Name>
              <FileRef uid="2" />
              <SequencePoints>
                <SequencePoint vc="0" uspid="31" ordinal="0" offset="13" sl="31" sc="9" el="31" ec="16" bec="0" bev="0" fileid="2" />
              </SequencePoints>
              <BranchPoints />
              <MethodPoint xsi:type="SequencePoint" vc="0" uspid="31" ordinal="0" offset="13" sl="31" sc="9" el="31" ec="16" bec="0" bev="0" fileid="2" />
            </Method>
          </Methods>
        </Class>
        <Class>
          <Summary numSequencePoints="0" visitedSequencePoints="0" numBranchPoints="0" visitedBranchPoints="0" sequenceCoverage="0" branchCoverage="0" maxCyclomaticComplexity="0" minCyclomaticComplexity="0" visitedClasses="0" numClasses="0" visitedMethods="0" numMethods="0" minCrapScore="0" maxCrapScore="0" />
          <FullName>Streaming/loop@45-7</FullName>
          <Methods>
            <Method visited="false" cyclomaticComplexity="1" nPathComplexity="0" sequenceCoverage="0" branchCoverage="0" isConstructor="false" isStatic="false" isGetter="false" isSetter="false" crapScore="2">
              <Summary numSequencePoints="0" visitedSequencePoints="0" numBranchPoints="0" visitedBranchPoints="0" sequenceCoverage="0" branchCoverage="0" maxCyclomaticComplexity="1" minCyclomaticComplexity="1" visitedClasses="0" numClasses="0" visitedMethods="0" numMethods="0" minCrapScore="2" maxCrapScore="2" />
              <MetadataToken>100663336</MetadataToken>
              <Name>Streaming/msg Streaming/loop@45-7::Invoke(Microsoft.FSharp.Control.FSharpAsyncReplyChannel`1&lt;Microsoft.FSharp.Core.Unit&gt;)</Name>
              <SequencePoints />
              <BranchPoints />
              <MethodPoint vc="0" uspid="100663336" ordinal="0" offset="0" />
            </Method>
            <Method visited="false" cyclomaticComplexity="1" nPathComplexity="0" sequenceCoverage="0" branchCoverage="0" isConstructor="true" isStatic="true" isGetter="false" isSetter="false" crapScore="2">
              <Summary numSequencePoints="0" visitedSequencePoints="0" numBranchPoints="0" visitedBranchPoints="0" sequenceCoverage="0" branchCoverage="0" maxCyclomaticComplexity="1" minCyclomaticComplexity="1" visitedClasses="0" numClasses="0" visitedMethods="0" numMethods="0" minCrapScore="2" maxCrapScore="2" />
              <MetadataToken>100663337</MetadataToken>
              <Name>System.Void Streaming/loop@45-7::.cctor()</Name>
              <SequencePoints />
              <BranchPoints />
              <MethodPoint vc="0" uspid="100663337" ordinal="0" offset="0" />
            </Method>
          </Methods>
        </Class>
        <Class>
          <Summary numSequencePoints="9" visitedSequencePoints="0" numBranchPoints="3" visitedBranchPoints="0" sequenceCoverage="0" branchCoverage="0" maxCyclomaticComplexity="2" minCyclomaticComplexity="1" visitedClasses="0" numClasses="1" visitedMethods="0" numMethods="1" minCrapScore="6" maxCrapScore="6" />
          <FullName>Streaming/loop@42-6</FullName>
          <Methods>
            <Method visited="false" cyclomaticComplexity="2" nPathComplexity="2" sequenceCoverage="0" branchCoverage="0" isConstructor="false" isStatic="false" isGetter="false" isSetter="false" crapScore="6">
              <Summary numSequencePoints="9" visitedSequencePoints="0" numBranchPoints="3" visitedBranchPoints="0" sequenceCoverage="0" branchCoverage="0" maxCyclomaticComplexity="2" minCyclomaticComplexity="2" visitedClasses="0" numClasses="0" visitedMethods="0" numMethods="1" minCrapScore="6" maxCrapScore="6" />
              <MetadataToken>100663339</MetadataToken>
              <Name>Microsoft.FSharp.Control.FSharpAsync`1&lt;Microsoft.FSharp.Core.Unit&gt; Streaming/loop@42-6::Invoke(Streaming/msg)</Name>
              <FileRef uid="2" />
              <SequencePoints>
                <SequencePoint vc="0" uspid="40" ordinal="0" offset="2" sl="42" sc="17" el="42" ec="31" bec="2" bev="0" fileid="2" />
                <SequencePoint vc="0" uspid="39" ordinal="1" offset="28" sl="44" sc="21" el="44" ec="66" bec="0" bev="0" fileid="2" />
                <SequencePoint vc="0" uspid="38" ordinal="2" offset="44" sl="45" sc="21" el="45" ec="46" bec="0" bev="0" fileid="2" />
                <SequencePoint vc="0" uspid="37" ordinal="3" offset="62" sl="46" sc="21" el="46" ec="59" bec="0" bev="0" fileid="2" />
                <SequencePoint vc="0" uspid="36" ordinal="4" offset="78" sl="47" sc="21" el="47" ec="31" bec="0" bev="0" fileid="2" />
                <SequencePoint vc="0" uspid="35" ordinal="5" offset="115" sl="49" sc="21" el="49" ec="52" bec="0" bev="0" fileid="2" />
                <SequencePoint vc="0" uspid="34" ordinal="6" offset="179" sl="50" sc="21" el="50" ec="46" bec="0" bev="0" fileid="2" />
                <SequencePoint vc="0" uspid="33" ordinal="7" offset="194" sl="51" sc="21" el="51" ec="48" bec="0" bev="0" fileid="2" />
                <SequencePoint vc="0" uspid="32" ordinal="8" offset="213" sl="52" sc="21" el="52" ec="43" bec="0" bev="0" fileid="2" />
              </SequencePoints>
              <BranchPoints>
                <BranchPoint vc="0" uspid="8" ordinal="0" offset="10" sl="42" path="0" offsetchain="12" offsetend="98" fileid="2" />
                <BranchPoint vc="0" uspid="9" ordinal="1" offset="10" sl="42" path="1" offsetend="14" fileid="2" />
              </BranchPoints>
              <MethodPoint xsi:type="SequencePoint" vc="0" uspid="40" ordinal="0" offset="2" sl="42" sc="17" el="42" ec="31" bec="2" bev="0" fileid="2" />
            </Method>
          </Methods>
        </Class>
        <Class>
          <Summary numSequencePoints="0" visitedSequencePoints="0" numBranchPoints="0" visitedBranchPoints="0" sequenceCoverage="0" branchCoverage="0" maxCyclomaticComplexity="0" minCyclomaticComplexity="0" visitedClasses="0" numClasses="0" visitedMethods="0" numMethods="0" minCrapScore="0" maxCrapScore="0" />
          <FullName>Streaming/loop@40-8</FullName>
          <Methods>
            <Method visited="false" cyclomaticComplexity="1" nPathComplexity="0" sequenceCoverage="0" branchCoverage="0" isConstructor="false" isStatic="false" isGetter="false" isSetter="false" crapScore="2">
              <Summary numSequencePoints="0" visitedSequencePoints="0" numBranchPoints="0" visitedBranchPoints="0" sequenceCoverage="0" branchCoverage="0" maxCyclomaticComplexity="1" minCyclomaticComplexity="1" visitedClasses="0" numClasses="0" visitedMethods="0" numMethods="0" minCrapScore="2" maxCrapScore="2" />
              <MetadataToken>100663341</MetadataToken>
              <Name>Microsoft.FSharp.Control.AsyncReturn Streaming/loop@40-8::Invoke(Microsoft.FSharp.Control.AsyncActivation`1&lt;Microsoft.FSharp.Core.Unit&gt;)</Name>
              <SequencePoints />
              <BranchPoints />
              <MethodPoint vc="0" uspid="100663341" ordinal="0" offset="0" />
            </Method>
          </Methods>
        </Class>
        <Class>
          <Summary numSequencePoints="1" visitedSequencePoints="0" numBranchPoints="1" visitedBranchPoints="0" sequenceCoverage="0" branchCoverage="0" maxCyclomaticComplexity="1" minCyclomaticComplexity="1" visitedClasses="0" numClasses="1" visitedMethods="0" numMethods="1" minCrapScore="2" maxCrapScore="2" />
          <FullName>Streaming/loop@40-5</FullName>
          <Methods>
            <Method visited="false" cyclomaticComplexity="1" nPathComplexity="0" sequenceCoverage="0" branchCoverage="0" isConstructor="false" isStatic="false" isGetter="false" isSetter="false" crapScore="2">
              <Summary numSequencePoints="1" visitedSequencePoints="0" numBranchPoints="1" visitedBranchPoints="0" sequenceCoverage="0" branchCoverage="0" maxCyclomaticComplexity="1" minCyclomaticComplexity="1" visitedClasses="0" numClasses="0" visitedMethods="0" numMethods="1" minCrapScore="2" maxCrapScore="2" />
              <MetadataToken>100663343</MetadataToken>
              <Name>Microsoft.FSharp.Control.FSharpAsync`1&lt;Microsoft.FSharp.Core.Unit&gt; Streaming/loop@40-5::Invoke(Microsoft.FSharp.Core.Unit)</Name>
              <FileRef uid="2" />
              <SequencePoints>
                <SequencePoint vc="0" uspid="41" ordinal="0" offset="0" sl="40" sc="17" el="40" ec="43" bec="0" bev="0" fileid="2" />
              </SequencePoints>
              <BranchPoints />
              <MethodPoint xsi:type="SequencePoint" vc="0" uspid="41" ordinal="0" offset="0" sl="40" sc="17" el="40" ec="43" bec="0" bev="0" fileid="2" />
            </Method>
          </Methods>
        </Class>
        <Class>
          <Summary numSequencePoints="1" visitedSequencePoints="0" numBranchPoints="1" visitedBranchPoints="0" sequenceCoverage="0" branchCoverage="0" maxCyclomaticComplexity="1" minCyclomaticComplexity="1" visitedClasses="0" numClasses="1" visitedMethods="0" numMethods="1" minCrapScore="2" maxCrapScore="2" />
          <FullName>Streaming/loop@39-4</FullName>
          <Methods>
            <Method visited="false" cyclomaticComplexity="1" nPathComplexity="0" sequenceCoverage="0" branchCoverage="0" isConstructor="false" isStatic="false" isGetter="false" isSetter="false" crapScore="2">
              <Summary numSequencePoints="1" visitedSequencePoints="0" numBranchPoints="1" visitedBranchPoints="0" sequenceCoverage="0" branchCoverage="0" maxCyclomaticComplexity="1" minCyclomaticComplexity="1" visitedClasses="0" numClasses="0" visitedMethods="0" numMethods="1" minCrapScore="2" maxCrapScore="2" />
              <MetadataToken>100663345</MetadataToken>
              <Name>Microsoft.FSharp.Control.FSharpAsync`1&lt;Microsoft.FSharp.Core.Unit&gt; Streaming/loop@39-4::Invoke(System.Boolean)</Name>
              <FileRef uid="2" />
              <SequencePoints>
                <SequencePoint vc="0" uspid="42" ordinal="0" offset="0" sl="39" sc="13" el="39" ec="18" bec="0" bev="0" fileid="2" />
              </SequencePoints>
              <BranchPoints />
              <MethodPoint xsi:type="SequencePoint" vc="0" uspid="42" ordinal="0" offset="0" sl="39" sc="13" el="39" ec="18" bec="0" bev="0" fileid="2" />
            </Method>
          </Methods>
        </Class>
        <Class>
          <Summary numSequencePoints="1" visitedSequencePoints="0" numBranchPoints="1" visitedBranchPoints="0" sequenceCoverage="0" branchCoverage="0" maxCyclomaticComplexity="1" minCyclomaticComplexity="1" visitedClasses="0" numClasses="1" visitedMethods="0" numMethods="1" minCrapScore="2" maxCrapScore="2" />
          <FullName>Streaming/imgProcessor@37</FullName>
          <Methods>
            <Method visited="false" cyclomaticComplexity="1" nPathComplexity="0" sequenceCoverage="0" branchCoverage="0" isConstructor="false" isStatic="false" isGetter="false" isSetter="false" crapScore="2">
              <Summary numSequencePoints="1" visitedSequencePoints="0" numBranchPoints="1" visitedBranchPoints="0" sequenceCoverage="0" branchCoverage="0" maxCyclomaticComplexity="1" minCyclomaticComplexity="1" visitedClasses="0" numClasses="0" visitedMethods="0" numMethods="1" minCrapScore="2" maxCrapScore="2" />
              <MetadataToken>100663347</MetadataToken>
              <Name>Microsoft.FSharp.Control.FSharpAsync`1&lt;Microsoft.FSharp.Core.Unit&gt; Streaming/imgProcessor@37::Invoke(Microsoft.FSharp.Control.FSharpMailboxProcessor`1&lt;Streaming/msg&gt;)</Name>
              <FileRef uid="2" />
              <SequencePoints>
                <SequencePoint vc="0" uspid="43" ordinal="0" offset="19" sl="55" sc="9" el="55" ec="18" bec="0" bev="0" fileid="2" />
              </SequencePoints>
              <BranchPoints />
              <MethodPoint xsi:type="SequencePoint" vc="0" uspid="43" ordinal="0" offset="19" sl="55" sc="9" el="55" ec="18" bec="0" bev="0" fileid="2" />
            </Method>
          </Methods>
        </Class>
        <Class>
          <Summary numSequencePoints="2" visitedSequencePoints="0" numBranchPoints="1" visitedBranchPoints="0" sequenceCoverage="0" branchCoverage="0" maxCyclomaticComplexity="1" minCyclomaticComplexity="1" visitedClasses="0" numClasses="1" visitedMethods="0" numMethods="1" minCrapScore="2" maxCrapScore="2" />
          <FullName>Streaming/Pipe #1 stage #1 at line 62@62</FullName>
          <Methods>
            <Method visited="false" cyclomaticComplexity="1" nPathComplexity="0" sequenceCoverage="0" branchCoverage="0" isConstructor="false" isStatic="false" isGetter="false" isSetter="false" crapScore="2">
              <Summary numSequencePoints="2" visitedSequencePoints="0" numBranchPoints="1" visitedBranchPoints="0" sequenceCoverage="0" branchCoverage="0" maxCyclomaticComplexity="1" minCyclomaticComplexity="1" visitedClasses="0" numClasses="0" visitedMethods="0" numMethods="1" minCrapScore="2" maxCrapScore="2" />
              <MetadataToken>100663349</MetadataToken>
              <Name>Microsoft.FSharp.Control.FSharpMailboxProcessor`1&lt;Streaming/msg&gt; Streaming/Pipe #1 stage #1 at line 62@62::Invoke(Microsoft.FSharp.Core.FSharpFunc`2&lt;CPUImageProcessing/MyImage,CPUImageProcessing/MyImage&gt;)</Name>
              <FileRef uid="2" />
              <SequencePoints>
                <SequencePoint vc="0" uspid="45" ordinal="0" offset="0" sl="63" sc="13" el="63" ec="43" bec="0" bev="0" fileid="2" />
                <SequencePoint vc="0" uspid="44" ordinal="1" offset="12" sl="64" sc="13" el="64" ec="36" bec="0" bev="0" fileid="2" />
              </SequencePoints>
              <BranchPoints />
              <MethodPoint xsi:type="SequencePoint" vc="0" uspid="45" ordinal="0" offset="0" sl="63" sc="13" el="63" ec="43" bec="0" bev="0" fileid="2" />
            </Method>
          </Methods>
        </Class>
        <Class>
          <Summary numSequencePoints="0" visitedSequencePoints="0" numBranchPoints="0" visitedBranchPoints="0" sequenceCoverage="0" branchCoverage="0" maxCyclomaticComplexity="0" minCyclomaticComplexity="0" visitedClasses="0" numClasses="0" visitedMethods="0" numMethods="0" minCrapScore="0" maxCrapScore="0" />
          <FullName>Streaming/processAllFiles@77</FullName>
          <Methods>
            <Method visited="false" cyclomaticComplexity="1" nPathComplexity="0" sequenceCoverage="0" branchCoverage="0" isConstructor="false" isStatic="false" isGetter="false" isSetter="false" crapScore="2">
              <Summary numSequencePoints="0" visitedSequencePoints="0" numBranchPoints="0" visitedBranchPoints="0" sequenceCoverage="0" branchCoverage="0" maxCyclomaticComplexity="1" minCyclomaticComplexity="1" visitedClasses="0" numClasses="0" visitedMethods="0" numMethods="0" minCrapScore="2" maxCrapScore="2" />
              <MetadataToken>100663351</MetadataToken>
              <Name>Streaming/msg Streaming/processAllFiles@77::Invoke(Microsoft.FSharp.Control.FSharpAsyncReplyChannel`1&lt;Microsoft.FSharp.Core.Unit&gt;)</Name>
              <SequencePoints />
              <BranchPoints />
              <MethodPoint vc="0" uspid="100663351" ordinal="0" offset="0" />
            </Method>
            <Method visited="false" cyclomaticComplexity="1" nPathComplexity="0" sequenceCoverage="0" branchCoverage="0" isConstructor="true" isStatic="true" isGetter="false" isSetter="false" crapScore="2">
              <Summary numSequencePoints="0" visitedSequencePoints="0" numBranchPoints="0" visitedBranchPoints="0" sequenceCoverage="0" branchCoverage="0" maxCyclomaticComplexity="1" minCyclomaticComplexity="1" visitedClasses="0" numClasses="0" visitedMethods="0" numMethods="0" minCrapScore="2" maxCrapScore="2" />
              <MetadataToken>100663352</MetadataToken>
              <Name>System.Void Streaming/processAllFiles@77::.cctor()</Name>
              <SequencePoints />
              <BranchPoints />
              <MethodPoint vc="0" uspid="100663352" ordinal="0" offset="0" />
            </Method>
          </Methods>
        </Class>
        <Class>
          <Summary numSequencePoints="41" visitedSequencePoints="0" numBranchPoints="23" visitedBranchPoints="0" sequenceCoverage="0" branchCoverage="0" maxCyclomaticComplexity="5" minCyclomaticComplexity="1" visitedClasses="0" numClasses="1" visitedMethods="0" numMethods="7" minCrapScore="2" maxCrapScore="30" />
          <FullName>CPUImageProcessing</FullName>
          <Methods>
            <Method visited="false" cyclomaticComplexity="5" nPathComplexity="16" sequenceCoverage="0" branchCoverage="0" isConstructor="false" isStatic="true" isGetter="false" isSetter="false" crapScore="30">
              <Summary numSequencePoints="11" visitedSequencePoints="0" numBranchPoints="9" visitedBranchPoints="0" sequenceCoverage="0" branchCoverage="0" maxCyclomaticComplexity="5" minCyclomaticComplexity="5" visitedClasses="0" numClasses="0" visitedMethods="0" numMethods="1" minCrapScore="30" maxCrapScore="30" />
              <MetadataToken>100663353</MetadataToken>
              <Name>System.Byte[0...,0...] CPUImageProcessing::loadAs2DArray(System.String)</Name>
              <FileRef uid="3" />
              <SequencePoints>
                <SequencePoint vc="0" uspid="56" ordinal="0" offset="0" sl="22" sc="5" el="22" ec="40" bec="0" bev="0" fileid="3" />
                <SequencePoint vc="0" uspid="55" ordinal="1" offset="7" sl="23" sc="5" el="23" ec="30" bec="0" bev="0" fileid="3" />
                <SequencePoint vc="0" uspid="54" ordinal="2" offset="14" sl="24" sc="5" el="24" ec="28" bec="0" bev="0" fileid="3" />
                <SequencePoint vc="0" uspid="53" ordinal="3" offset="21" sl="25" sc="5" el="25" ec="49" bec="0" bev="0" fileid="3" />
                <SequencePoint vc="0" uspid="52" ordinal="4" offset="29" sl="27" sc="5" el="27" ec="8" bec="2" bev="0" fileid="3" />
                <SequencePoint vc="0" uspid="51" ordinal="5" offset="43" sl="28" sc="9" el="28" ec="12" bec="2" bev="0" fileid="3" />
                <SequencePoint vc="0" uspid="50" ordinal="6" offset="57" sl="29" sc="13" el="29" ec="25" bec="0" bev="0" fileid="3" />
                <SequencePoint vc="0" uspid="49" ordinal="7" offset="92" sl="28" sc="15" el="28" ec="17" bec="2" bev="0" fileid="3" />
                <SequencePoint vc="0" uspid="48" ordinal="8" offset="106" sl="27" sc="11" el="27" ec="13" bec="2" bev="0" fileid="3" />
                <SequencePoint vc="0" uspid="47" ordinal="9" offset="114" sl="31" sc="5" el="31" ec="40" bec="0" bev="0" fileid="3" />
                <SequencePoint vc="0" uspid="46" ordinal="10" offset="202" sl="33" sc="5" el="33" ec="11" bec="0" bev="0" fileid="3" />
              </SequencePoints>
              <BranchPoints>
                <BranchPoint vc="0" uspid="10" ordinal="0" offset="41" sl="27" path="0" offsetend="43" fileid="3" />
                <BranchPoint vc="0" uspid="11" ordinal="1" offset="41" sl="27" path="1" offsetend="114" fileid="3" />
                <BranchPoint vc="0" uspid="12" ordinal="2" offset="55" sl="28" path="0" offsetend="57" fileid="3" />
                <BranchPoint vc="0" uspid="13" ordinal="3" offset="55" sl="28" path="1" offsetend="100" fileid="3" />
                <BranchPoint vc="0" uspid="14" ordinal="4" offset="98" sl="28" path="0" offsetend="100" fileid="3" />
                <BranchPoint vc="0" uspid="15" ordinal="5" offset="98" sl="28" path="1" offsetend="57" fileid="3" />
                <BranchPoint vc="0" uspid="16" ordinal="6" offset="112" sl="27" path="0" offsetend="114" fileid="3" />
                <BranchPoint vc="0" uspid="17" ordinal="7" offset="112" sl="27" path="1" offsetend="43" fileid="3" />
              </BranchPoints>
              <MethodPoint xsi:type="SequencePoint" vc="0" uspid="56" ordinal="0" offset="0" sl="22" sc="5" el="22" ec="40" bec="0" bev="0" fileid="3" />
            </Method>
            <Method visited="false" cyclomaticComplexity="1" nPathComplexity="0" sequenceCoverage="0" branchCoverage="0" isConstructor="false" isStatic="true" isGetter="false" isSetter="false" crapScore="2">
              <Summary numSequencePoints="6" visitedSequencePoints="0" numBranchPoints="1" visitedBranchPoints="0" sequenceCoverage="0" branchCoverage="0" maxCyclomaticComplexity="1" minCyclomaticComplexity="1" visitedClasses="0" numClasses="0" visitedMethods="0" numMethods="1" minCrapScore="2" maxCrapScore="2" />
              <MetadataToken>100663354</MetadataToken>
              <Name>CPUImageProcessing/MyImage CPUImageProcessing::loadAsMyImage(System.String)</Name>
              <FileRef uid="3" />
              <SequencePoints>
                <SequencePoint vc="0" uspid="62" ordinal="0" offset="0" sl="37" sc="5" el="37" ec="40" bec="0" bev="0" fileid="3" />
                <SequencePoint vc="0" uspid="61" ordinal="1" offset="7" sl="38" sc="5" el="38" ec="30" bec="0" bev="0" fileid="3" />
                <SequencePoint vc="0" uspid="60" ordinal="2" offset="14" sl="39" sc="5" el="39" ec="28" bec="0" bev="0" fileid="3" />
                <SequencePoint vc="0" uspid="59" ordinal="3" offset="21" sl="40" sc="5" el="40" ec="57" bec="0" bev="0" fileid="3" />
                <SequencePoint vc="0" uspid="58" ordinal="4" offset="30" sl="42" sc="5" el="42" ec="45" bec="0" bev="0" fileid="3" />
                <SequencePoint vc="0" uspid="57" ordinal="5" offset="42" sl="44" sc="5" el="44" ec="72" bec="0" bev="0" fileid="3" />
              </SequencePoints>
              <BranchPoints />
              <MethodPoint xsi:type="SequencePoint" vc="0" uspid="62" ordinal="0" offset="0" sl="37" sc="5" el="37" ec="40" bec="0" bev="0" fileid="3" />
            </Method>
            <Method visited="false" cyclomaticComplexity="1" nPathComplexity="0" sequenceCoverage="0" branchCoverage="0" isConstructor="false" isStatic="true" isGetter="false" isSetter="false" crapScore="2">
              <Summary numSequencePoints="2" visitedSequencePoints="0" numBranchPoints="1" visitedBranchPoints="0" sequenceCoverage="0" branchCoverage="0" maxCyclomaticComplexity="1" minCyclomaticComplexity="1" visitedClasses="0" numClasses="0" visitedMethods="0" numMethods="1" minCrapScore="2" maxCrapScore="2" />
              <MetadataToken>100663355</MetadataToken>
              <Name>a[] CPUImageProcessing::toFlatArray(a[0...,0...])</Name>
              <FileRef uid="3" />
              <SequencePoints>
                <SequencePoint vc="0" uspid="64" ordinal="0" offset="0" sl="47" sc="5" el="51" ec="6" bec="0" bev="0" fileid="3" />
                <SequencePoint vc="0" uspid="63" ordinal="1" offset="12" sl="52" sc="8" el="52" ec="19" bec="0" bev="0" fileid="3" />
              </SequencePoints>
              <BranchPoints />
              <MethodPoint xsi:type="SequencePoint" vc="0" uspid="64" ordinal="0" offset="0" sl="47" sc="5" el="51" ec="6" bec="0" bev="0" fileid="3" />
            </Method>
            <Method visited="false" cyclomaticComplexity="1" nPathComplexity="0" sequenceCoverage="0" branchCoverage="0" isConstructor="false" isStatic="true" isGetter="true" isSetter="false" crapScore="2">
              <Summary numSequencePoints="0" visitedSequencePoints="0" numBranchPoints="0" visitedBranchPoints="0" sequenceCoverage="0" branchCoverage="0" maxCyclomaticComplexity="1" minCyclomaticComplexity="1" visitedClasses="0" numClasses="0" visitedMethods="0" numMethods="0" minCrapScore="2" maxCrapScore="2" />
              <MetadataToken>100663356</MetadataToken>
              <Name>System.Single[0...,0...] CPUImageProcessing::get_gaussianBlurKernel()</Name>
              <SequencePoints />
              <BranchPoints />
              <MethodPoint vc="0" uspid="100663356" ordinal="0" offset="0" />
            </Method>
            <Method visited="false" cyclomaticComplexity="1" nPathComplexity="0" sequenceCoverage="0" branchCoverage="0" isConstructor="false" isStatic="true" isGetter="true" isSetter="false" crapScore="2">
              <Summary numSequencePoints="0" visitedSequencePoints="0" numBranchPoints="0" visitedBranchPoints="0" sequenceCoverage="0" branchCoverage="0" maxCyclomaticComplexity="1" minCyclomaticComplexity="1" visitedClasses="0" numClasses="0" visitedMethods="0" numMethods="0" minCrapScore="2" maxCrapScore="2" />
              <MetadataToken>100663357</MetadataToken>
              <Name>System.Single[0...,0...] CPUImageProcessing::get_edgesKernel()</Name>
              <SequencePoints />
              <BranchPoints />
              <MethodPoint vc="0" uspid="100663357" ordinal="0" offset="0" />
            </Method>
            <Method visited="false" cyclomaticComplexity="1" nPathComplexity="0" sequenceCoverage="0" branchCoverage="0" isConstructor="false" isStatic="true" isGetter="true" isSetter="false" crapScore="2">
              <Summary numSequencePoints="0" visitedSequencePoints="0" numBranchPoints="0" visitedBranchPoints="0" sequenceCoverage="0" branchCoverage="0" maxCyclomaticComplexity="1" minCyclomaticComplexity="1" visitedClasses="0" numClasses="0" visitedMethods="0" numMethods="0" minCrapScore="2" maxCrapScore="2" />
              <MetadataToken>100663358</MetadataToken>
              <Name>System.Single[0...,0...] CPUImageProcessing::get_darken()</Name>
              <SequencePoints />
              <BranchPoints />
              <MethodPoint vc="0" uspid="100663358" ordinal="0" offset="0" />
            </Method>
            <Method visited="false" cyclomaticComplexity="1" nPathComplexity="0" sequenceCoverage="0" branchCoverage="0" isConstructor="false" isStatic="true" isGetter="true" isSetter="false" crapScore="2">
              <Summary numSequencePoints="0" visitedSequencePoints="0" numBranchPoints="0" visitedBranchPoints="0" sequenceCoverage="0" branchCoverage="0" maxCyclomaticComplexity="1" minCyclomaticComplexity="1" visitedClasses="0" numClasses="0" visitedMethods="0" numMethods="0" minCrapScore="2" maxCrapScore="2" />
              <MetadataToken>100663359</MetadataToken>
              <Name>System.Single[0...,0...] CPUImageProcessing::get_lighten()</Name>
              <SequencePoints />
              <BranchPoints />
              <MethodPoint vc="0" uspid="100663359" ordinal="0" offset="0" />
            </Method>
            <Method visited="false" cyclomaticComplexity="1" nPathComplexity="0" sequenceCoverage="0" branchCoverage="0" isConstructor="false" isStatic="true" isGetter="true" isSetter="false" crapScore="2">
              <Summary numSequencePoints="0" visitedSequencePoints="0" numBranchPoints="0" visitedBranchPoints="0" sequenceCoverage="0" branchCoverage="0" maxCyclomaticComplexity="1" minCyclomaticComplexity="1" visitedClasses="0" numClasses="0" visitedMethods="0" numMethods="0" minCrapScore="2" maxCrapScore="2" />
              <MetadataToken>100663360</MetadataToken>
              <Name>System.Single[0...,0...] CPUImageProcessing::get_sharpen()</Name>
              <SequencePoints />
              <BranchPoints />
              <MethodPoint vc="0" uspid="100663360" ordinal="0" offset="0" />
            </Method>
            <Method visited="false" cyclomaticComplexity="1" nPathComplexity="0" sequenceCoverage="0" branchCoverage="0" isConstructor="false" isStatic="true" isGetter="false" isSetter="false" crapScore="2">
              <Summary numSequencePoints="5" visitedSequencePoints="0" numBranchPoints="1" visitedBranchPoints="0" sequenceCoverage="0" branchCoverage="0" maxCyclomaticComplexity="1" minCyclomaticComplexity="1" visitedClasses="0" numClasses="0" visitedMethods="0" numMethods="1" minCrapScore="2" maxCrapScore="2" />
              <MetadataToken>100663361</MetadataToken>
              <Name>System.Byte[0...,0...] CPUImageProcessing::applyFilterTo2DArray(System.Single[0...,0...],System.Byte[0...,0...])</Name>
              <FileRef uid="3" />
              <SequencePoints>
                <SequencePoint vc="0" uspid="69" ordinal="0" offset="0" sl="73" sc="5" el="73" ec="46" bec="0" bev="0" fileid="3" />
                <SequencePoint vc="0" uspid="68" ordinal="1" offset="7" sl="74" sc="5" el="74" ec="45" bec="0" bev="0" fileid="3" />
                <SequencePoint vc="0" uspid="67" ordinal="2" offset="14" sl="75" sc="5" el="75" ec="54" bec="0" bev="0" fileid="3" />
                <SequencePoint vc="0" uspid="66" ordinal="3" offset="23" sl="76" sc="5" el="76" ec="36" bec="0" bev="0" fileid="3" />
                <SequencePoint vc="0" uspid="65" ordinal="4" offset="42" sl="89" sc="5" el="89" ec="72" bec="0" bev="0" fileid="3" />
              </SequencePoints>
              <BranchPoints />
              <MethodPoint xsi:type="SequencePoint" vc="0" uspid="69" ordinal="0" offset="0" sl="73" sc="5" el="73" ec="46" bec="0" bev="0" fileid="3" />
            </Method>
            <Method visited="false" cyclomaticComplexity="5" nPathComplexity="16" sequenceCoverage="0" branchCoverage="0" isConstructor="false" isStatic="true" isGetter="false" isSetter="false" crapScore="30">
              <Summary numSequencePoints="10" visitedSequencePoints="0" numBranchPoints="9" visitedBranchPoints="0" sequenceCoverage="0" branchCoverage="0" maxCyclomaticComplexity="5" minCyclomaticComplexity="5" visitedClasses="0" numClasses="0" visitedMethods="0" numMethods="1" minCrapScore="30" maxCrapScore="30" />
              <MetadataToken>100663362</MetadataToken>
              <Name>System.Byte[0...,0...] CPUImageProcessing::rotate2DArray(System.Byte[0...,0...],System.Boolean)</Name>
              <FileRef uid="3" />
              <SequencePoints>
                <SequencePoint vc="0" uspid="79" ordinal="0" offset="0" sl="93" sc="5" el="93" ec="46" bec="0" bev="0" fileid="3" />
                <SequencePoint vc="0" uspid="78" ordinal="1" offset="7" sl="94" sc="5" el="94" ec="45" bec="0" bev="0" fileid="3" />
                <SequencePoint vc="0" uspid="77" ordinal="2" offset="14" sl="95" sc="5" el="95" ec="49" bec="0" bev="0" fileid="3" />
                <SequencePoint vc="0" uspid="76" ordinal="3" offset="22" sl="96" sc="5" el="96" ec="45" bec="0" bev="0" fileid="3" />
                <SequencePoint vc="0" uspid="75" ordinal="4" offset="29" sl="98" sc="5" el="98" ec="8" bec="2" bev="0" fileid="3" />
                <SequencePoint vc="0" uspid="74" ordinal="5" offset="43" sl="99" sc="9" el="99" ec="12" bec="2" bev="0" fileid="3" />
                <SequencePoint vc="0" uspid="73" ordinal="6" offset="57" sl="100" sc="13" el="100" ec="110" bec="0" bev="0" fileid="3" />
                <SequencePoint vc="0" uspid="72" ordinal="7" offset="109" sl="99" sc="15" el="99" ec="17" bec="2" bev="0" fileid="3" />
                <SequencePoint vc="0" uspid="71" ordinal="8" offset="123" sl="98" sc="11" el="98" ec="13" bec="2" bev="0" fileid="3" />
                <SequencePoint vc="0" uspid="70" ordinal="9" offset="131" sl="102" sc="5" el="102" ec="11" bec="0" bev="0" fileid="3" />
              </SequencePoints>
              <BranchPoints>
                <BranchPoint vc="0" uspid="18" ordinal="0" offset="41" sl="98" path="0" offsetend="43" fileid="3" />
                <BranchPoint vc="0" uspid="19" ordinal="1" offset="41" sl="98" path="1" offsetend="131" fileid="3" />
                <BranchPoint vc="0" uspid="20" ordinal="2" offset="55" sl="99" path="0" offsetend="57" fileid="3" />
                <BranchPoint vc="0" uspid="21" ordinal="3" offset="55" sl="99" path="1" offsetend="117" fileid="3" />
                <BranchPoint vc="0" uspid="22" ordinal="4" offset="115" sl="99" path="0" offsetend="117" fileid="3" />
                <BranchPoint vc="0" uspid="23" ordinal="5" offset="115" sl="99" path="1" offsetend="57" fileid="3" />
                <BranchPoint vc="0" uspid="24" ordinal="6" offset="129" sl="98" path="0" offsetend="131" fileid="3" />
                <BranchPoint vc="0" uspid="25" ordinal="7" offset="129" sl="98" path="1" offsetend="43" fileid="3" />
              </BranchPoints>
              <MethodPoint xsi:type="SequencePoint" vc="0" uspid="79" ordinal="0" offset="0" sl="93" sc="5" el="93" ec="46" bec="0" bev="0" fileid="3" />
            </Method>
            <Method visited="false" cyclomaticComplexity="1" nPathComplexity="0" sequenceCoverage="0" branchCoverage="0" isConstructor="false" isStatic="true" isGetter="false" isSetter="false" crapScore="2">
              <Summary numSequencePoints="5" visitedSequencePoints="0" numBranchPoints="1" visitedBranchPoints="0" sequenceCoverage="0" branchCoverage="0" maxCyclomaticComplexity="1" minCyclomaticComplexity="1" visitedClasses="0" numClasses="0" visitedMethods="0" numMethods="1" minCrapScore="2" maxCrapScore="2" />
              <MetadataToken>100663363</MetadataToken>
              <Name>System.Void CPUImageProcessing::save2DArrayAsImage(System.Byte[0...,0...],System.String)</Name>
              <FileRef uid="3" />
              <SequencePoints>
                <SequencePoint vc="0" uspid="84" ordinal="0" offset="0" sl="106" sc="5" el="106" ec="46" bec="0" bev="0" fileid="3" />
                <SequencePoint vc="0" uspid="83" ordinal="1" offset="7" sl="107" sc="5" el="107" ec="45" bec="0" bev="0" fileid="3" />
                <SequencePoint vc="0" uspid="82" ordinal="2" offset="14" sl="109" sc="5" el="109" ec="40" bec="0" bev="0" fileid="3" />
                <SequencePoint vc="0" uspid="81" ordinal="3" offset="102" sl="111" sc="5" el="111" ec="81" bec="0" bev="0" fileid="3" />
                <SequencePoint vc="0" uspid="80" ordinal="4" offset="116" sl="112" sc="5" el="112" ec="24" bec="0" bev="0" fileid="3" />
              </SequencePoints>
              <BranchPoints />
              <MethodPoint xsi:type="SequencePoint" vc="0" uspid="84" ordinal="0" offset="0" sl="106" sc="5" el="106" ec="46" bec="0" bev="0" fileid="3" />
            </Method>
            <Method visited="false" cyclomaticComplexity="1" nPathComplexity="0" sequenceCoverage="0" branchCoverage="0" isConstructor="false" isStatic="true" isGetter="false" isSetter="false" crapScore="2">
              <Summary numSequencePoints="2" visitedSequencePoints="0" numBranchPoints="1" visitedBranchPoints="0" sequenceCoverage="0" branchCoverage="0" maxCyclomaticComplexity="1" minCyclomaticComplexity="1" visitedClasses="0" numClasses="0" visitedMethods="0" numMethods="1" minCrapScore="2" maxCrapScore="2" />
              <MetadataToken>100663364</MetadataToken>
              <Name>System.Void CPUImageProcessing::saveMyImageAsImage(CPUImageProcessing/MyImage,System.String)</Name>
              <FileRef uid="3" />
              <SequencePoints>
                <SequencePoint vc="0" uspid="86" ordinal="0" offset="0" sl="116" sc="5" el="116" ec="79" bec="0" bev="0" fileid="3" />
                <SequencePoint vc="0" uspid="85" ordinal="1" offset="27" sl="117" sc="5" el="117" ec="24" bec="0" bev="0" fileid="3" />
              </SequencePoints>
              <BranchPoints />
              <MethodPoint xsi:type="SequencePoint" vc="0" uspid="86" ordinal="0" offset="0" sl="116" sc="5" el="116" ec="79" bec="0" bev="0" fileid="3" />
            </Method>
          </Methods>
        </Class>
        <Class>
          <Summary numSequencePoints="1" visitedSequencePoints="0" numBranchPoints="1" visitedBranchPoints="0" sequenceCoverage="0" branchCoverage="0" maxCyclomaticComplexity="1" minCyclomaticComplexity="1" visitedClasses="0" numClasses="1" visitedMethods="0" numMethods="1" minCrapScore="2" maxCrapScore="2" />
          <FullName>CPUImageProcessing/MyImage</FullName>
          <Methods>
            <Method visited="false" cyclomaticComplexity="9" nPathComplexity="0" sequenceCoverage="0" branchCoverage="0" isConstructor="false" isStatic="false" isGetter="false" isSetter="false" crapScore="90">
              <Summary numSequencePoints="0" visitedSequencePoints="0" numBranchPoints="0" visitedBranchPoints="0" sequenceCoverage="0" branchCoverage="0" maxCyclomaticComplexity="9" minCyclomaticComplexity="9" visitedClasses="0" numClasses="0" visitedMethods="0" numMethods="0" minCrapScore="90" maxCrapScore="90" />
              <MetadataToken>100663369</MetadataToken>
              <Name>System.Int32 CPUImageProcessing/MyImage::CompareTo(CPUImageProcessing/MyImage)</Name>
              <SequencePoints />
              <BranchPoints />
              <MethodPoint vc="0" uspid="100663369" ordinal="0" offset="0" />
            </Method>
            <Method visited="false" cyclomaticComplexity="1" nPathComplexity="0" sequenceCoverage="0" branchCoverage="0" isConstructor="false" isStatic="false" isGetter="false" isSetter="false" crapScore="2">
              <Summary numSequencePoints="0" visitedSequencePoints="0" numBranchPoints="0" visitedBranchPoints="0" sequenceCoverage="0" branchCoverage="0" maxCyclomaticComplexity="1" minCyclomaticComplexity="1" visitedClasses="0" numClasses="0" visitedMethods="0" numMethods="0" minCrapScore="2" maxCrapScore="2" />
              <MetadataToken>100663370</MetadataToken>
              <Name>System.Int32 CPUImageProcessing/MyImage::CompareTo(System.Object)</Name>
              <SequencePoints />
              <BranchPoints />
              <MethodPoint vc="0" uspid="100663370" ordinal="0" offset="0" />
            </Method>
            <Method visited="false" cyclomaticComplexity="9" nPathComplexity="0" sequenceCoverage="0" branchCoverage="0" isConstructor="false" isStatic="false" isGetter="false" isSetter="false" crapScore="90">
              <Summary numSequencePoints="0" visitedSequencePoints="0" numBranchPoints="0" visitedBranchPoints="0" sequenceCoverage="0" branchCoverage="0" maxCyclomaticComplexity="9" minCyclomaticComplexity="9" visitedClasses="0" numClasses="0" visitedMethods="0" numMethods="0" minCrapScore="90" maxCrapScore="90" />
              <MetadataToken>100663371</MetadataToken>
              <Name>System.Int32 CPUImageProcessing/MyImage::CompareTo(System.Object,System.Collections.IComparer)</Name>
              <SequencePoints />
              <BranchPoints />
              <MethodPoint vc="0" uspid="100663371" ordinal="0" offset="0" />
            </Method>
            <Method visited="false" cyclomaticComplexity="2" nPathComplexity="0" sequenceCoverage="0" branchCoverage="0" isConstructor="false" isStatic="false" isGetter="false" isSetter="false" crapScore="6">
              <Summary numSequencePoints="0" visitedSequencePoints="0" numBranchPoints="0" visitedBranchPoints="0" sequenceCoverage="0" branchCoverage="0" maxCyclomaticComplexity="2" minCyclomaticComplexity="2" visitedClasses="0" numClasses="0" visitedMethods="0" numMethods="0" minCrapScore="6" maxCrapScore="6" />
              <MetadataToken>100663372</MetadataToken>
              <Name>System.Int32 CPUImageProcessing/MyImage::GetHashCode(System.Collections.IEqualityComparer)</Name>
              <SequencePoints />
              <BranchPoints />
              <MethodPoint vc="0" uspid="100663372" ordinal="0" offset="0" />
            </Method>
            <Method visited="false" cyclomaticComplexity="1" nPathComplexity="0" sequenceCoverage="0" branchCoverage="0" isConstructor="false" isStatic="false" isGetter="false" isSetter="false" crapScore="2">
              <Summary numSequencePoints="0" visitedSequencePoints="0" numBranchPoints="0" visitedBranchPoints="0" sequenceCoverage="0" branchCoverage="0" maxCyclomaticComplexity="1" minCyclomaticComplexity="1" visitedClasses="0" numClasses="0" visitedMethods="0" numMethods="0" minCrapScore="2" maxCrapScore="2" />
              <MetadataToken>100663373</MetadataToken>
              <Name>System.Int32 CPUImageProcessing/MyImage::GetHashCode()</Name>
              <SequencePoints />
              <BranchPoints />
              <MethodPoint vc="0" uspid="100663373" ordinal="0" offset="0" />
            </Method>
            <Method visited="false" cyclomaticComplexity="5" nPathComplexity="0" sequenceCoverage="0" branchCoverage="0" isConstructor="false" isStatic="false" isGetter="false" isSetter="false" crapScore="30">
              <Summary numSequencePoints="0" visitedSequencePoints="0" numBranchPoints="0" visitedBranchPoints="0" sequenceCoverage="0" branchCoverage="0" maxCyclomaticComplexity="5" minCyclomaticComplexity="5" visitedClasses="0" numClasses="0" visitedMethods="0" numMethods="0" minCrapScore="30" maxCrapScore="30" />
              <MetadataToken>100663374</MetadataToken>
              <Name>System.Boolean CPUImageProcessing/MyImage::Equals(System.Object,System.Collections.IEqualityComparer)</Name>
              <SequencePoints />
              <BranchPoints />
              <MethodPoint vc="0" uspid="100663374" ordinal="0" offset="0" />
            </Method>
            <Method visited="false" cyclomaticComplexity="1" nPathComplexity="0" sequenceCoverage="0" branchCoverage="0" isConstructor="true" isStatic="false" isGetter="false" isSetter="false" crapScore="2">
              <Summary numSequencePoints="1" visitedSequencePoints="0" numBranchPoints="1" visitedBranchPoints="0" sequenceCoverage="0" branchCoverage="0" maxCyclomaticComplexity="1" minCyclomaticComplexity="1" visitedClasses="0" numClasses="0" visitedMethods="0" numMethods="1" minCrapScore="2" maxCrapScore="2" />
              <MetadataToken>100663375</MetadataToken>
              <Name>System.Void CPUImageProcessing/MyImage::.ctor(System.Byte[],System.Int32,System.Int32,System.String)</Name>
              <FileRef uid="3" />
              <SequencePoints>
                <SequencePoint vc="0" uspid="87" ordinal="0" offset="0" sl="15" sc="9" el="18" ec="24" bec="0" bev="0" fileid="3" />
              </SequencePoints>
              <BranchPoints />
              <MethodPoint xsi:type="SequencePoint" vc="0" uspid="87" ordinal="0" offset="0" sl="15" sc="9" el="18" ec="24" bec="0" bev="0" fileid="3" />
            </Method>
            <Method visited="false" cyclomaticComplexity="4" nPathComplexity="0" sequenceCoverage="0" branchCoverage="0" isConstructor="false" isStatic="false" isGetter="false" isSetter="false" crapScore="20">
              <Summary numSequencePoints="0" visitedSequencePoints="0" numBranchPoints="0" visitedBranchPoints="0" sequenceCoverage="0" branchCoverage="0" maxCyclomaticComplexity="4" minCyclomaticComplexity="4" visitedClasses="0" numClasses="0" visitedMethods="0" numMethods="0" minCrapScore="20" maxCrapScore="20" />
              <MetadataToken>100663376</MetadataToken>
              <Name>System.Boolean CPUImageProcessing/MyImage::Equals(CPUImageProcessing/MyImage)</Name>
              <SequencePoints />
              <BranchPoints />
              <MethodPoint vc="0" uspid="100663376" ordinal="0" offset="0" />
            </Method>
            <Method visited="false" cyclomaticComplexity="2" nPathComplexity="0" sequenceCoverage="0" branchCoverage="0" isConstructor="false" isStatic="false" isGetter="false" isSetter="false" crapScore="6">
              <Summary numSequencePoints="0" visitedSequencePoints="0" numBranchPoints="0" visitedBranchPoints="0" sequenceCoverage="0" branchCoverage="0" maxCyclomaticComplexity="2" minCyclomaticComplexity="2" visitedClasses="0" numClasses="0" visitedMethods="0" numMethods="0" minCrapScore="6" maxCrapScore="6" />
              <MetadataToken>100663377</MetadataToken>
              <Name>System.Boolean CPUImageProcessing/MyImage::Equals(System.Object)</Name>
              <SequencePoints />
              <BranchPoints />
              <MethodPoint vc="0" uspid="100663377" ordinal="0" offset="0" />
            </Method>
          </Methods>
        </Class>
        <Class>
          <Summary numSequencePoints="6" visitedSequencePoints="0" numBranchPoints="5" visitedBranchPoints="0" sequenceCoverage="0" branchCoverage="0" maxCyclomaticComplexity="8" minCyclomaticComplexity="1" visitedClasses="0" numClasses="1" visitedMethods="0" numMethods="1" minCrapScore="72" maxCrapScore="72" />
          <FullName>CPUImageProcessing/Pipe #1 input at line 47@48</FullName>
          <Methods>
            <Method visited="false" cyclomaticComplexity="1" nPathComplexity="0" sequenceCoverage="0" branchCoverage="0" isConstructor="true" isStatic="false" isGetter="false" isSetter="false" crapScore="2">
              <Summary numSequencePoints="0" visitedSequencePoints="0" numBranchPoints="0" visitedBranchPoints="0" sequenceCoverage="0" branchCoverage="0" maxCyclomaticComplexity="1" minCyclomaticComplexity="1" visitedClasses="0" numClasses="0" visitedMethods="0" numMethods="0" minCrapScore="2" maxCrapScore="2" />
              <MetadataToken>100663378</MetadataToken>
              <Name>System.Void CPUImageProcessing/Pipe #1 input at line 47@48::.ctor(a[0...,0...],System.Int32,System.Collections.Generic.IEnumerator`1&lt;System.Int32&gt;,System.Collections.Generic.IEnumerator`1&lt;System.Int32&gt;,System.Int32,a)</Name>
              <SequencePoints />
              <BranchPoints />
              <MethodPoint vc="0" uspid="100663378" ordinal="0" offset="0" />
            </Method>
            <Method visited="false" cyclomaticComplexity="8" nPathComplexity="4" sequenceCoverage="0" branchCoverage="0" isConstructor="false" isStatic="false" isGetter="false" isSetter="false" crapScore="72">
              <Summary numSequencePoints="6" visitedSequencePoints="0" numBranchPoints="5" visitedBranchPoints="0" sequenceCoverage="0" branchCoverage="0" maxCyclomaticComplexity="8" minCyclomaticComplexity="8" visitedClasses="0" numClasses="0" visitedMethods="0" numMethods="1" minCrapScore="72" maxCrapScore="72" />
              <MetadataToken>100663379</MetadataToken>
              <Name>System.Int32 CPUImageProcessing/Pipe #1 input at line 47@48::GenerateNext(System.Collections.Generic.IEnumerable`1&lt;a&gt;&amp;)</Name>
              <FileRef uid="3" />
              <SequencePoints>
                <SequencePoint vc="0" uspid="93" ordinal="0" offset="56" sl="48" sc="9" el="48" ec="12" bec="0" bev="0" fileid="3" />
                <SequencePoint vc="0" uspid="92" ordinal="1" offset="126" sl="49" sc="13" el="49" ec="16" bec="0" bev="0" fileid="3" />
                <SequencePoint vc="0" uspid="91" ordinal="2" offset="127" sl="49" sc="22" el="49" ec="60" bec="0" bev="0" fileid="3" />
                <SequencePoint vc="0" uspid="90" ordinal="3" offset="196" sl="50" sc="17" el="50" ec="36" bec="0" bev="0" fileid="3" />
                <SequencePoint vc="0" uspid="89" ordinal="4" offset="221" sl="49" sc="19" el="49" ec="21" bec="2" bev="0" fileid="3" />
                <SequencePoint vc="0" uspid="88" ordinal="5" offset="267" sl="48" sc="15" el="48" ec="17" bec="2" bev="0" fileid="3" />
              </SequencePoints>
              <BranchPoints>
                <BranchPoint vc="0" uspid="31" ordinal="0" offset="232" sl="49" path="0" offsetend="234" fileid="3" />
                <BranchPoint vc="0" uspid="32" ordinal="1" offset="232" sl="49" path="1" offsetend="176" fileid="3" />
                <BranchPoint vc="0" uspid="33" ordinal="2" offset="278" sl="48" path="0" offsetend="283" fileid="3" />
                <BranchPoint vc="0" uspid="34" ordinal="3" offset="278" sl="48" path="1" offsetchain="109" offsetend="221" fileid="3" />
              </BranchPoints>
              <MethodPoint xsi:type="SequencePoint" vc="0" uspid="93" ordinal="0" offset="56" sl="48" sc="9" el="48" ec="12" bec="0" bev="0" fileid="3" />
            </Method>
            <Method visited="false" cyclomaticComplexity="10" nPathComplexity="0" sequenceCoverage="0" branchCoverage="0" isConstructor="false" isStatic="false" isGetter="false" isSetter="false" crapScore="110">
              <Summary numSequencePoints="0" visitedSequencePoints="0" numBranchPoints="0" visitedBranchPoints="0" sequenceCoverage="0" branchCoverage="0" maxCyclomaticComplexity="10" minCyclomaticComplexity="10" visitedClasses="0" numClasses="0" visitedMethods="0" numMethods="0" minCrapScore="110" maxCrapScore="110" />
              <MetadataToken>100663380</MetadataToken>
              <Name>System.Void CPUImageProcessing/Pipe #1 input at line 47@48::Close()</Name>
              <SequencePoints />
              <BranchPoints />
              <MethodPoint vc="0" uspid="100663380" ordinal="0" offset="0" />
            </Method>
            <Method visited="false" cyclomaticComplexity="7" nPathComplexity="0" sequenceCoverage="0" branchCoverage="0" isConstructor="false" isStatic="false" isGetter="false" isSetter="false" crapScore="56">
              <Summary numSequencePoints="0" visitedSequencePoints="0" numBranchPoints="0" visitedBranchPoints="0" sequenceCoverage="0" branchCoverage="0" maxCyclomaticComplexity="7" minCyclomaticComplexity="7" visitedClasses="0" numClasses="0" visitedMethods="0" numMethods="0" minCrapScore="56" maxCrapScore="56" />
              <MetadataToken>100663381</MetadataToken>
              <Name>System.Boolean CPUImageProcessing/Pipe #1 input at line 47@48::get_CheckClose()</Name>
              <SequencePoints />
              <BranchPoints />
              <MethodPoint vc="0" uspid="100663381" ordinal="0" offset="0" />
            </Method>
            <Method visited="false" cyclomaticComplexity="1" nPathComplexity="0" sequenceCoverage="0" branchCoverage="0" isConstructor="false" isStatic="false" isGetter="false" isSetter="false" crapScore="2">
              <Summary numSequencePoints="0" visitedSequencePoints="0" numBranchPoints="0" visitedBranchPoints="0" sequenceCoverage="0" branchCoverage="0" maxCyclomaticComplexity="1" minCyclomaticComplexity="1" visitedClasses="0" numClasses="0" visitedMethods="0" numMethods="0" minCrapScore="2" maxCrapScore="2" />
              <MetadataToken>100663382</MetadataToken>
              <Name>a CPUImageProcessing/Pipe #1 input at line 47@48::get_LastGenerated()</Name>
              <SequencePoints />
              <BranchPoints />
              <MethodPoint vc="0" uspid="100663382" ordinal="0" offset="0" />
            </Method>
            <Method visited="false" cyclomaticComplexity="1" nPathComplexity="0" sequenceCoverage="0" branchCoverage="0" isConstructor="false" isStatic="false" isGetter="false" isSetter="false" crapScore="2">
              <Summary numSequencePoints="0" visitedSequencePoints="0" numBranchPoints="0" visitedBranchPoints="0" sequenceCoverage="0" branchCoverage="0" maxCyclomaticComplexity="1" minCyclomaticComplexity="1" visitedClasses="0" numClasses="0" visitedMethods="0" numMethods="0" minCrapScore="2" maxCrapScore="2" />
              <MetadataToken>100663383</MetadataToken>
              <Name>System.Collections.Generic.IEnumerator`1&lt;a&gt; CPUImageProcessing/Pipe #1 input at line 47@48::GetFreshEnumerator()</Name>
              <SequencePoints />
              <BranchPoints />
              <MethodPoint vc="0" uspid="100663383" ordinal="0" offset="0" />
            </Method>
          </Methods>
        </Class>
        <Class>
          <Summary numSequencePoints="1" visitedSequencePoints="0" numBranchPoints="1" visitedBranchPoints="0" sequenceCoverage="0" branchCoverage="0" maxCyclomaticComplexity="1" minCyclomaticComplexity="1" visitedClasses="0" numClasses="1" visitedMethods="0" numMethods="1" minCrapScore="2" maxCrapScore="2" />
          <FullName>CPUImageProcessing/gaussianBlurKernel@56</FullName>
          <Methods>
            <Method visited="false" cyclomaticComplexity="1" nPathComplexity="0" sequenceCoverage="0" branchCoverage="0" isConstructor="false" isStatic="false" isGetter="false" isSetter="false" crapScore="2">
              <Summary numSequencePoints="1" visitedSequencePoints="0" numBranchPoints="1" visitedBranchPoints="0" sequenceCoverage="0" branchCoverage="0" maxCyclomaticComplexity="1" minCyclomaticComplexity="1" visitedClasses="0" numClasses="0" visitedMethods="0" numMethods="1" minCrapScore="2" maxCrapScore="2" />
              <MetadataToken>100663385</MetadataToken>
              <Name>System.Single CPUImageProcessing/gaussianBlurKernel@56::Invoke(System.Int32)</Name>
              <FileRef uid="3" />
              <SequencePoints>
                <SequencePoint vc="0" uspid="94" ordinal="0" offset="0" sl="56" sc="30" el="56" ec="50" bec="0" bev="0" fileid="3" />
              </SequencePoints>
              <BranchPoints />
              <MethodPoint xsi:type="SequencePoint" vc="0" uspid="94" ordinal="0" offset="0" sl="56" sc="30" el="56" ec="50" bec="0" bev="0" fileid="3" />
            </Method>
            <Method visited="false" cyclomaticComplexity="1" nPathComplexity="0" sequenceCoverage="0" branchCoverage="0" isConstructor="true" isStatic="true" isGetter="false" isSetter="false" crapScore="2">
              <Summary numSequencePoints="0" visitedSequencePoints="0" numBranchPoints="0" visitedBranchPoints="0" sequenceCoverage="0" branchCoverage="0" maxCyclomaticComplexity="1" minCyclomaticComplexity="1" visitedClasses="0" numClasses="0" visitedMethods="0" numMethods="0" minCrapScore="2" maxCrapScore="2" />
              <MetadataToken>100663386</MetadataToken>
              <Name>System.Void CPUImageProcessing/gaussianBlurKernel@56::.cctor()</Name>
              <SequencePoints />
              <BranchPoints />
              <MethodPoint vc="0" uspid="100663386" ordinal="0" offset="0" />
            </Method>
          </Methods>
        </Class>
        <Class>
          <Summary numSequencePoints="0" visitedSequencePoints="0" numBranchPoints="0" visitedBranchPoints="0" sequenceCoverage="0" branchCoverage="0" maxCyclomaticComplexity="0" minCyclomaticComplexity="0" visitedClasses="0" numClasses="0" visitedMethods="0" numMethods="0" minCrapScore="0" maxCrapScore="0" />
          <FullName>CPUImageProcessing/edgesKernel@60</FullName>
          <Methods>
            <Method visited="false" cyclomaticComplexity="1" nPathComplexity="0" sequenceCoverage="0" branchCoverage="0" isConstructor="false" isStatic="false" isGetter="false" isSetter="false" crapScore="2">
              <Summary numSequencePoints="0" visitedSequencePoints="0" numBranchPoints="0" visitedBranchPoints="0" sequenceCoverage="0" branchCoverage="0" maxCyclomaticComplexity="1" minCyclomaticComplexity="1" visitedClasses="0" numClasses="0" visitedMethods="0" numMethods="0" minCrapScore="2" maxCrapScore="2" />
              <MetadataToken>100663388</MetadataToken>
              <Name>System.Single CPUImageProcessing/edgesKernel@60::Invoke(System.Int32)</Name>
              <SequencePoints />
              <BranchPoints />
              <MethodPoint vc="0" uspid="100663388" ordinal="0" offset="0" />
            </Method>
            <Method visited="false" cyclomaticComplexity="1" nPathComplexity="0" sequenceCoverage="0" branchCoverage="0" isConstructor="true" isStatic="true" isGetter="false" isSetter="false" crapScore="2">
              <Summary numSequencePoints="0" visitedSequencePoints="0" numBranchPoints="0" visitedBranchPoints="0" sequenceCoverage="0" branchCoverage="0" maxCyclomaticComplexity="1" minCyclomaticComplexity="1" visitedClasses="0" numClasses="0" visitedMethods="0" numMethods="0" minCrapScore="2" maxCrapScore="2" />
              <MetadataToken>100663389</MetadataToken>
              <Name>System.Void CPUImageProcessing/edgesKernel@60::.cctor()</Name>
              <SequencePoints />
              <BranchPoints />
              <MethodPoint vc="0" uspid="100663389" ordinal="0" offset="0" />
            </Method>
          </Methods>
        </Class>
        <Class>
          <Summary numSequencePoints="1" visitedSequencePoints="0" numBranchPoints="1" visitedBranchPoints="0" sequenceCoverage="0" branchCoverage="0" maxCyclomaticComplexity="1" minCyclomaticComplexity="1" visitedClasses="0" numClasses="1" visitedMethods="0" numMethods="1" minCrapScore="2" maxCrapScore="2" />
          <FullName>CPUImageProcessing/darken@63</FullName>
          <Methods>
            <Method visited="false" cyclomaticComplexity="1" nPathComplexity="0" sequenceCoverage="0" branchCoverage="0" isConstructor="false" isStatic="false" isGetter="false" isSetter="false" crapScore="2">
              <Summary numSequencePoints="1" visitedSequencePoints="0" numBranchPoints="1" visitedBranchPoints="0" sequenceCoverage="0" branchCoverage="0" maxCyclomaticComplexity="1" minCyclomaticComplexity="1" visitedClasses="0" numClasses="0" visitedMethods="0" numMethods="1" minCrapScore="2" maxCrapScore="2" />
              <MetadataToken>100663391</MetadataToken>
              <Name>System.Single CPUImageProcessing/darken@63::Invoke(System.Int32)</Name>
              <FileRef uid="3" />
              <SequencePoints>
                <SequencePoint vc="0" uspid="95" ordinal="0" offset="0" sl="63" sc="80" el="63" ec="99" bec="0" bev="0" fileid="3" />
              </SequencePoints>
              <BranchPoints />
              <MethodPoint xsi:type="SequencePoint" vc="0" uspid="95" ordinal="0" offset="0" sl="63" sc="80" el="63" ec="99" bec="0" bev="0" fileid="3" />
            </Method>
            <Method visited="false" cyclomaticComplexity="1" nPathComplexity="0" sequenceCoverage="0" branchCoverage="0" isConstructor="true" isStatic="true" isGetter="false" isSetter="false" crapScore="2">
              <Summary numSequencePoints="0" visitedSequencePoints="0" numBranchPoints="0" visitedBranchPoints="0" sequenceCoverage="0" branchCoverage="0" maxCyclomaticComplexity="1" minCyclomaticComplexity="1" visitedClasses="0" numClasses="0" visitedMethods="0" numMethods="0" minCrapScore="2" maxCrapScore="2" />
              <MetadataToken>100663392</MetadataToken>
              <Name>System.Void CPUImageProcessing/darken@63::.cctor()</Name>
              <SequencePoints />
              <BranchPoints />
              <MethodPoint vc="0" uspid="100663392" ordinal="0" offset="0" />
            </Method>
          </Methods>
        </Class>
        <Class>
          <Summary numSequencePoints="0" visitedSequencePoints="0" numBranchPoints="0" visitedBranchPoints="0" sequenceCoverage="0" branchCoverage="0" maxCyclomaticComplexity="0" minCyclomaticComplexity="0" visitedClasses="0" numClasses="0" visitedMethods="0" numMethods="0" minCrapScore="0" maxCrapScore="0" />
          <FullName>CPUImageProcessing/lighten@66</FullName>
          <Methods>
            <Method visited="false" cyclomaticComplexity="1" nPathComplexity="0" sequenceCoverage="0" branchCoverage="0" isConstructor="false" isStatic="false" isGetter="false" isSetter="false" crapScore="2">
              <Summary numSequencePoints="0" visitedSequencePoints="0" numBranchPoints="0" visitedBranchPoints="0" sequenceCoverage="0" branchCoverage="0" maxCyclomaticComplexity="1" minCyclomaticComplexity="1" visitedClasses="0" numClasses="0" visitedMethods="0" numMethods="0" minCrapScore="2" maxCrapScore="2" />
              <MetadataToken>100663394</MetadataToken>
              <Name>System.Single CPUImageProcessing/lighten@66::Invoke(System.Int32)</Name>
              <SequencePoints />
              <BranchPoints />
              <MethodPoint vc="0" uspid="100663394" ordinal="0" offset="0" />
            </Method>
            <Method visited="false" cyclomaticComplexity="1" nPathComplexity="0" sequenceCoverage="0" branchCoverage="0" isConstructor="true" isStatic="true" isGetter="false" isSetter="false" crapScore="2">
              <Summary numSequencePoints="0" visitedSequencePoints="0" numBranchPoints="0" visitedBranchPoints="0" sequenceCoverage="0" branchCoverage="0" maxCyclomaticComplexity="1" minCyclomaticComplexity="1" visitedClasses="0" numClasses="0" visitedMethods="0" numMethods="0" minCrapScore="2" maxCrapScore="2" />
              <MetadataToken>100663395</MetadataToken>
              <Name>System.Void CPUImageProcessing/lighten@66::.cctor()</Name>
              <SequencePoints />
              <BranchPoints />
              <MethodPoint vc="0" uspid="100663395" ordinal="0" offset="0" />
            </Method>
          </Methods>
        </Class>
        <Class>
          <Summary numSequencePoints="0" visitedSequencePoints="0" numBranchPoints="0" visitedBranchPoints="0" sequenceCoverage="0" branchCoverage="0" maxCyclomaticComplexity="0" minCyclomaticComplexity="0" visitedClasses="0" numClasses="0" visitedMethods="0" numMethods="0" minCrapScore="0" maxCrapScore="0" />
          <FullName>CPUImageProcessing/sharpen@69</FullName>
          <Methods>
            <Method visited="false" cyclomaticComplexity="1" nPathComplexity="0" sequenceCoverage="0" branchCoverage="0" isConstructor="false" isStatic="false" isGetter="false" isSetter="false" crapScore="2">
              <Summary numSequencePoints="0" visitedSequencePoints="0" numBranchPoints="0" visitedBranchPoints="0" sequenceCoverage="0" branchCoverage="0" maxCyclomaticComplexity="1" minCyclomaticComplexity="1" visitedClasses="0" numClasses="0" visitedMethods="0" numMethods="0" minCrapScore="2" maxCrapScore="2" />
              <MetadataToken>100663397</MetadataToken>
              <Name>System.Single CPUImageProcessing/sharpen@69::Invoke(System.Int32)</Name>
              <SequencePoints />
              <BranchPoints />
              <MethodPoint vc="0" uspid="100663397" ordinal="0" offset="0" />
            </Method>
            <Method visited="false" cyclomaticComplexity="1" nPathComplexity="0" sequenceCoverage="0" branchCoverage="0" isConstructor="true" isStatic="true" isGetter="false" isSetter="false" crapScore="2">
              <Summary numSequencePoints="0" visitedSequencePoints="0" numBranchPoints="0" visitedBranchPoints="0" sequenceCoverage="0" branchCoverage="0" maxCyclomaticComplexity="1" minCyclomaticComplexity="1" visitedClasses="0" numClasses="0" visitedMethods="0" numMethods="0" minCrapScore="2" maxCrapScore="2" />
              <MetadataToken>100663398</MetadataToken>
              <Name>System.Void CPUImageProcessing/sharpen@69::.cctor()</Name>
              <SequencePoints />
              <BranchPoints />
              <MethodPoint vc="0" uspid="100663398" ordinal="0" offset="0" />
            </Method>
          </Methods>
        </Class>
        <Class>
          <Summary numSequencePoints="1" visitedSequencePoints="0" numBranchPoints="1" visitedBranchPoints="0" sequenceCoverage="0" branchCoverage="0" maxCyclomaticComplexity="1" minCyclomaticComplexity="1" visitedClasses="0" numClasses="1" visitedMethods="0" numMethods="1" minCrapScore="2" maxCrapScore="2" />
          <FullName>CPUImageProcessing/pixelProcessing@87-1</FullName>
          <Methods>
            <Method visited="false" cyclomaticComplexity="1" nPathComplexity="0" sequenceCoverage="0" branchCoverage="0" isConstructor="false" isStatic="false" isGetter="false" isSetter="false" crapScore="2">
              <Summary numSequencePoints="1" visitedSequencePoints="0" numBranchPoints="1" visitedBranchPoints="0" sequenceCoverage="0" branchCoverage="0" maxCyclomaticComplexity="1" minCyclomaticComplexity="1" visitedClasses="0" numClasses="0" visitedMethods="0" numMethods="1" minCrapScore="2" maxCrapScore="2" />
              <MetadataToken>100663400</MetadataToken>
              <Name>System.Single CPUImageProcessing/pixelProcessing@87-1::Invoke(System.Single,System.Single,System.Single)</Name>
              <FileRef uid="3" />
              <SequencePoints>
                <SequencePoint vc="0" uspid="96" ordinal="0" offset="0" sl="87" sc="37" el="87" ec="48" bec="0" bev="0" fileid="3" />
              </SequencePoints>
              <BranchPoints />
              <MethodPoint xsi:type="SequencePoint" vc="0" uspid="96" ordinal="0" offset="0" sl="87" sc="37" el="87" ec="48" bec="0" bev="0" fileid="3" />
            </Method>
            <Method visited="false" cyclomaticComplexity="1" nPathComplexity="0" sequenceCoverage="0" branchCoverage="0" isConstructor="true" isStatic="true" isGetter="false" isSetter="false" crapScore="2">
              <Summary numSequencePoints="0" visitedSequencePoints="0" numBranchPoints="0" visitedBranchPoints="0" sequenceCoverage="0" branchCoverage="0" maxCyclomaticComplexity="1" minCyclomaticComplexity="1" visitedClasses="0" numClasses="0" visitedMethods="0" numMethods="0" minCrapScore="2" maxCrapScore="2" />
              <MetadataToken>100663401</MetadataToken>
              <Name>System.Void CPUImageProcessing/pixelProcessing@87-1::.cctor()</Name>
              <SequencePoints />
              <BranchPoints />
              <MethodPoint vc="0" uspid="100663401" ordinal="0" offset="0" />
            </Method>
          </Methods>
        </Class>
        <Class>
          <Summary numSequencePoints="14" visitedSequencePoints="0" numBranchPoints="13" visitedBranchPoints="0" sequenceCoverage="0" branchCoverage="0" maxCyclomaticComplexity="9" minCyclomaticComplexity="1" visitedClasses="0" numClasses="1" visitedMethods="0" numMethods="1" minCrapScore="90" maxCrapScore="90" />
          <FullName>CPUImageProcessing/pixelProcessing@79</FullName>
          <Methods>
            <Method visited="false" cyclomaticComplexity="9" nPathComplexity="64" sequenceCoverage="0" branchCoverage="0" isConstructor="false" isStatic="false" isGetter="false" isSetter="false" crapScore="90">
              <Summary numSequencePoints="14" visitedSequencePoints="0" numBranchPoints="13" visitedBranchPoints="0" sequenceCoverage="0" branchCoverage="0" maxCyclomaticComplexity="9" minCyclomaticComplexity="9" visitedClasses="0" numClasses="0" visitedMethods="0" numMethods="1" minCrapScore="90" maxCrapScore="90" />
              <MetadataToken>100663403</MetadataToken>
              <Name>System.Single CPUImageProcessing/pixelProcessing@79::Invoke(System.Int32,System.Int32)</Name>
              <FileRef uid="3" />
              <SequencePoints>
                <SequencePoint vc="0" uspid="110" ordinal="0" offset="0" sl="79" sc="9" el="85" ec="57" bec="0" bev="0" fileid="3" />
                <SequencePoint vc="0" uspid="109" ordinal="1" offset="1" sl="80" sc="16" el="80" ec="19" bec="0" bev="0" fileid="3" />
                <SequencePoint vc="0" uspid="108" ordinal="2" offset="42" sl="81" sc="20" el="81" ec="23" bec="0" bev="0" fileid="3" />
                <SequencePoint vc="0" uspid="107" ordinal="3" offset="43" sl="81" sc="29" el="81" ec="71" bec="0" bev="0" fileid="3" />
                <SequencePoint vc="0" uspid="106" ordinal="4" offset="86" sl="82" sc="24" el="82" ec="75" bec="0" bev="0" fileid="3" />
                <SequencePoint vc="0" uspid="105" ordinal="5" offset="87" sl="82" sc="27" el="82" ec="32" bec="2" bev="0" fileid="3" />
                <SequencePoint vc="0" uspid="104" ordinal="6" offset="96" sl="82" sc="36" el="82" ec="47" bec="2" bev="0" fileid="3" />
                <SequencePoint vc="0" uspid="103" ordinal="7" offset="116" sl="82" sc="51" el="82" ec="56" bec="2" bev="0" fileid="3" />
                <SequencePoint vc="0" uspid="102" ordinal="8" offset="128" sl="82" sc="60" el="82" ec="70" bec="2" bev="0" fileid="3" />
                <SequencePoint vc="0" uspid="101" ordinal="9" offset="146" sl="83" sc="28" el="83" ec="56" bec="0" bev="0" fileid="3" />
                <SequencePoint vc="0" uspid="100" ordinal="10" offset="172" sl="85" sc="28" el="85" ec="54" bec="0" bev="0" fileid="3" />
                <SequencePoint vc="0" uspid="99" ordinal="11" offset="196" sl="81" sc="26" el="81" ec="28" bec="2" bev="0" fileid="3" />
                <SequencePoint vc="0" uspid="98" ordinal="12" offset="238" sl="80" sc="22" el="80" ec="24" bec="2" bev="0" fileid="3" />
                <SequencePoint vc="0" uspid="97" ordinal="13" offset="284" sl="87" sc="9" el="87" ec="74" bec="0" bev="0" fileid="3" />
              </SequencePoints>
              <BranchPoints>
                <BranchPoint vc="0" uspid="30" ordinal="0" offset="90" sl="82" path="0" offsetchain="92" offsetend="110" fileid="3" />
                <BranchPoint vc="0" uspid="31" ordinal="1" offset="90" sl="82" path="1" offsetend="96" fileid="3" />
                <BranchPoint vc="0" uspid="32" ordinal="2" offset="110" sl="82" path="0" offsetchain="112" offsetend="122" fileid="3" />
                <BranchPoint vc="0" uspid="33" ordinal="3" offset="110" sl="82" path="1" offsetend="116" fileid="3" />
                <BranchPoint vc="0" uspid="34" ordinal="4" offset="122" sl="82" path="0" offsetchain="124" offsetend="142" fileid="3" />
                <BranchPoint vc="0" uspid="35" ordinal="5" offset="122" sl="82" path="1" offsetend="128" fileid="3" />
                <BranchPoint vc="0" uspid="36" ordinal="6" offset="142" sl="82" path="0" offsetend="144" fileid="3" />
                <BranchPoint vc="0" uspid="37" ordinal="7" offset="142" sl="82" path="1" offsetend="170" fileid="3" />
                <BranchPoint vc="0" uspid="38" ordinal="8" offset="203" sl="81" path="0" offsetend="208" fileid="3" />
                <BranchPoint vc="0" uspid="39" ordinal="9" offset="203" sl="81" path="1" offsetend="77" fileid="3" />
                <BranchPoint vc="0" uspid="40" ordinal="10" offset="244" sl="80" path="0" offsetend="249" fileid="3" />
                <BranchPoint vc="0" uspid="41" ordinal="11" offset="244" sl="80" path="1" offsetchain="34" offsetend="196" fileid="3" />
              </BranchPoints>
              <MethodPoint xsi:type="SequencePoint" vc="0" uspid="110" ordinal="0" offset="0" sl="79" sc="9" el="85" ec="57" bec="0" bev="0" fileid="3" />
            </Method>
          </Methods>
        </Class>
        <Class>
          <Summary numSequencePoints="1" visitedSequencePoints="0" numBranchPoints="1" visitedBranchPoints="0" sequenceCoverage="0" branchCoverage="0" maxCyclomaticComplexity="1" minCyclomaticComplexity="1" visitedClasses="0" numClasses="1" visitedMethods="0" numMethods="1" minCrapScore="2" maxCrapScore="2" />
          <FullName>CPUImageProcessing/applyFilterTo2DArray@89</FullName>
          <Methods>
            <Method visited="false" cyclomaticComplexity="1" nPathComplexity="0" sequenceCoverage="0" branchCoverage="0" isConstructor="false" isStatic="false" isGetter="false" isSetter="false" crapScore="2">
              <Summary numSequencePoints="1" visitedSequencePoints="0" numBranchPoints="1" visitedBranchPoints="0" sequenceCoverage="0" branchCoverage="0" maxCyclomaticComplexity="1" minCyclomaticComplexity="1" visitedClasses="0" numClasses="0" visitedMethods="0" numMethods="1" minCrapScore="2" maxCrapScore="2" />
              <MetadataToken>100663405</MetadataToken>
              <Name>System.Byte CPUImageProcessing/applyFilterTo2DArray@89::Invoke(System.Int32,System.Int32,System.Byte)</Name>
              <FileRef uid="3" />
              <SequencePoints>
                <SequencePoint vc="0" uspid="111" ordinal="0" offset="0" sl="89" sc="32" el="89" ec="58" bec="0" bev="0" fileid="3" />
              </SequencePoints>
              <BranchPoints />
              <MethodPoint xsi:type="SequencePoint" vc="0" uspid="111" ordinal="0" offset="0" sl="89" sc="32" el="89" ec="58" bec="0" bev="0" fileid="3" />
            </Method>
          </Methods>
        </Class>
        <Class>
          <Summary numSequencePoints="10" visitedSequencePoints="0" numBranchPoints="1" visitedBranchPoints="0" sequenceCoverage="0" branchCoverage="0" maxCyclomaticComplexity="1" minCyclomaticComplexity="1" visitedClasses="0" numClasses="1" visitedMethods="0" numMethods="1" minCrapScore="2" maxCrapScore="2" />
          <FullName>&lt;StartupCode$ImageProcessing&gt;.$CPUImageProcessing</FullName>
          <Methods>
            <Method visited="false" cyclomaticComplexity="1" nPathComplexity="0" sequenceCoverage="0" branchCoverage="0" isConstructor="true" isStatic="true" isGetter="false" isSetter="false" crapScore="2">
              <Summary numSequencePoints="10" visitedSequencePoints="0" numBranchPoints="1" visitedBranchPoints="0" sequenceCoverage="0" branchCoverage="0" maxCyclomaticComplexity="1" minCyclomaticComplexity="1" visitedClasses="0" numClasses="0" visitedMethods="0" numMethods="1" minCrapScore="2" maxCrapScore="2" />
              <MetadataToken>100663406</MetadataToken>
              <Name>System.Void &lt;StartupCode$ImageProcessing&gt;.$CPUImageProcessing::.cctor()</Name>
              <FileRef uid="3" />
              <SequencePoints>
                <SequencePoint vc="0" uspid="121" ordinal="0" offset="0" sl="55" sc="5" el="55" ec="119" bec="0" bev="0" fileid="3" />
                <SequencePoint vc="0" uspid="120" ordinal="1" offset="221" sl="56" sc="8" el="56" ec="51" bec="0" bev="0" fileid="3" />
                <SequencePoint vc="0" uspid="119" ordinal="2" offset="240" sl="59" sc="5" el="59" ec="112" bec="0" bev="0" fileid="3" />
                <SequencePoint vc="0" uspid="118" ordinal="3" offset="452" sl="60" sc="8" el="60" ec="27" bec="0" bev="0" fileid="3" />
                <SequencePoint vc="0" uspid="117" ordinal="4" offset="471" sl="63" sc="5" el="63" ec="54" bec="0" bev="0" fileid="3" />
                <SequencePoint vc="0" uspid="116" ordinal="5" offset="567" sl="63" sc="58" el="63" ec="100" bec="0" bev="0" fileid="3" />
                <SequencePoint vc="0" uspid="115" ordinal="6" offset="586" sl="66" sc="5" el="66" ec="54" bec="0" bev="0" fileid="3" />
                <SequencePoint vc="0" uspid="114" ordinal="7" offset="682" sl="66" sc="58" el="66" ec="77" bec="0" bev="0" fileid="3" />
                <SequencePoint vc="0" uspid="113" ordinal="8" offset="701" sl="69" sc="5" el="69" ec="59" bec="0" bev="0" fileid="3" />
                <SequencePoint vc="0" uspid="112" ordinal="9" offset="797" sl="69" sc="63" el="69" ec="82" bec="0" bev="0" fileid="3" />
              </SequencePoints>
              <BranchPoints />
              <MethodPoint xsi:type="SequencePoint" vc="0" uspid="121" ordinal="0" offset="0" sl="55" sc="5" el="55" ec="119" bec="0" bev="0" fileid="3" />
            </Method>
          </Methods>
        </Class>
      </Classes>
    </Module>
  </Modules>
</CoverageSession>